<?xml version="1.0" encoding="UTF-8"?>
<coverage generated="1573293374388" clover="4.4.1">
   <project name="Bean Matchers 0.12" timestamp="1573293352438">
      <metrics coveredelements="547" complexity="178" loc="1275" methods="129" classes="41" statements="348" packages="1" coveredconditionals="78" coveredmethods="126" elements="555" ncloc="1013" files="40" conditionals="78" coveredstatements="343"/>
      <package name="com.google.code.beanmatchers">
         <metrics coveredelements="547" complexity="178" loc="1275" methods="129" classes="41" statements="348" coveredconditionals="78" coveredmethods="126" elements="555" ncloc="1013" files="40" conditionals="78" coveredstatements="343"/>
         <file path="/Users/orien/src/libraries/bean-matchers/src/main/java/com/google/code/beanmatchers/AbstractBeanAccessorMatcher.java" name="AbstractBeanAccessorMatcher.java">
            <metrics coveredelements="58" coveredconditionals="22" complexity="15" loc="70" coveredmethods="3" methods="3" elements="58" classes="1" ncloc="61" statements="33" conditionals="22" coveredstatements="33"/>
            <class name="AbstractBeanAccessorMatcher">
               <metrics coveredelements="58" coveredconditionals="22" complexity="15" coveredmethods="3" methods="3" elements="58" statements="33" conditionals="22" coveredstatements="33"/>
            </class>
            <line complexity="1" visibility="package" signature="AbstractBeanAccessorMatcher(TypeBasedValueGenerator)" num="13" count="24" type="method"/>
            <line num="14" count="24" type="stmt"/>
            <line complexity="2" visibility="protected" signature="beanHasValidGetterAndSetterForProperties(JavaBean,List&lt;String&gt;,Description) : boolean" num="17" count="21" type="method"/>
            <line num="19" count="21" type="stmt"/>
            <line num="20" count="76" type="stmt"/>
            <line falsecount="67" truecount="8" num="20" type="cond"/>
            <line num="21" count="8" type="stmt"/>
            <line num="26" count="8" type="stmt"/>
            <line num="29" count="12" type="stmt"/>
            <line complexity="12" visibility="protected" signature="beanDoesNotHaveValidGetterAndSetterForProperty(JavaBean,String) : boolean" num="32" count="76" type="method"/>
            <line num="33" count="76" type="stmt"/>
            <line num="34" count="76" type="stmt"/>
            <line num="35" count="76" type="stmt"/>
            <line num="36" count="75" type="stmt"/>
            <line num="37" count="74" type="stmt"/>
            <line num="38" count="73" type="stmt"/>
            <line num="42" count="73" type="stmt"/>
            <line falsecount="58" truecount="15" num="42" type="cond"/>
            <line num="43" count="15" type="stmt"/>
            <line falsecount="6" truecount="9" num="43" type="cond"/>
            <line num="44" count="9" type="stmt"/>
            <line falsecount="8" truecount="1" num="44" type="cond"/>
            <line num="45" count="1" type="stmt"/>
            <line num="46" count="8" type="stmt"/>
            <line falsecount="7" truecount="1" num="46" type="cond"/>
            <line num="47" count="1" type="stmt"/>
            <line num="48" count="7" type="stmt"/>
            <line falsecount="6" truecount="1" num="48" type="cond"/>
            <line num="49" count="1" type="stmt"/>
            <line num="50" count="6" type="stmt"/>
            <line falsecount="5" truecount="1" num="50" type="cond"/>
            <line num="51" count="1" type="stmt"/>
            <line num="52" count="5" type="stmt"/>
            <line falsecount="4" truecount="1" num="52" type="cond"/>
            <line num="53" count="1" type="stmt"/>
            <line num="54" count="4" type="stmt"/>
            <line falsecount="3" truecount="1" num="54" type="cond"/>
            <line num="55" count="1" type="stmt"/>
            <line num="56" count="3" type="stmt"/>
            <line falsecount="2" truecount="1" num="56" type="cond"/>
            <line num="57" count="1" type="stmt"/>
            <line num="58" count="2" type="stmt"/>
            <line falsecount="1" truecount="1" num="58" type="cond"/>
            <line num="59" count="1" type="stmt"/>
            <line num="61" count="1" type="stmt"/>
            <line num="65" count="73" type="stmt"/>
            <line num="67" count="2" type="stmt"/>
         </file>
         <file path="/Users/orien/src/libraries/bean-matchers/src/main/java/com/google/code/beanmatchers/AbstractBeanEqualsMatcher.java" name="AbstractBeanEqualsMatcher.java">
            <metrics coveredelements="71" coveredconditionals="12" complexity="18" loc="115" coveredmethods="10" methods="10" elements="71" classes="2" ncloc="101" statements="49" conditionals="12" coveredstatements="49"/>
            <class name="AbstractBeanEqualsMatcher">
               <metrics coveredelements="71" coveredconditionals="12" complexity="18" coveredmethods="10" methods="10" elements="71" statements="49" conditionals="12" coveredstatements="49"/>
            </class>
            <class name="AbstractBeanEqualsMatcher.TestType">
               <metrics coveredelements="0" coveredconditionals="0" complexity="0" coveredmethods="0" methods="0" elements="0" statements="0" conditionals="0" coveredstatements="0"/>
            </class>
            <line complexity="1" visibility="package" signature="AbstractBeanEqualsMatcher(TypeBasedValueGenerator)" num="12" count="37" type="method"/>
            <line num="13" count="37" type="stmt"/>
            <line complexity="6" visibility="protected" signature="isValidBeanEquals(Class&lt;T&gt;,List&lt;String&gt;,Description) : boolean" num="16" count="34" type="method"/>
            <line num="18" count="34" type="stmt"/>
            <line falsecount="30" truecount="4" num="18" type="cond"/>
            <line num="19" count="4" type="stmt"/>
            <line num="21" count="4" type="stmt"/>
            <line num="23" count="30" type="stmt"/>
            <line falsecount="24" truecount="6" num="23" type="cond"/>
            <line num="24" count="6" type="stmt"/>
            <line num="26" count="6" type="stmt"/>
            <line num="28" count="24" type="stmt"/>
            <line falsecount="20" truecount="4" num="28" type="cond"/>
            <line num="29" count="4" type="stmt"/>
            <line num="31" count="4" type="stmt"/>
            <line num="33" count="20" type="stmt"/>
            <line num="34" count="45" type="stmt"/>
            <line falsecount="39" truecount="6" num="34" type="cond"/>
            <line num="35" count="6" type="stmt"/>
            <line num="37" count="6" type="stmt"/>
            <line num="39" count="39" type="stmt"/>
            <line falsecount="33" truecount="6" num="39" type="cond"/>
            <line num="40" count="6" type="stmt"/>
            <line num="42" count="6" type="stmt"/>
            <line num="45" count="8" type="stmt"/>
            <line complexity="1" visibility="private" signature="describeMismatch(Class&lt;T&gt;,Description,String) : void" num="48" count="14" type="method"/>
            <line num="49" count="14" type="stmt"/>
            <line complexity="1" visibility="private" signature="describePropertyMismatch(Class&lt;T&gt;,String,Description,String) : void" num="52" count="12" type="method"/>
            <line num="54" count="12" type="stmt"/>
            <line complexity="1" visibility="private" signature="describeBean(Class&lt;T&gt;,Description) : Description" num="60" count="26" type="method"/>
            <line num="61" count="26" type="stmt"/>
            <line complexity="1" visibility="private" signature="equalsDoesNotHandleSameInstance(Class&lt;T&gt;) : boolean" num="64" count="34" type="method"/>
            <line num="65" count="34" type="stmt"/>
            <line num="66" count="34" type="stmt"/>
            <line complexity="2" visibility="private" signature="equalsDoesNotHandleNullValue(Class&lt;T&gt;) : boolean" num="69" count="30" type="method"/>
            <line num="70" count="30" type="stmt"/>
            <line num="71" count="30" type="stmt"/>
            <line num="72" count="30" type="stmt"/>
            <line num="74" count="2" type="stmt"/>
            <line complexity="1" visibility="private" signature="equalsDoesNotHandleDifferingType(Class&lt;T&gt;) : boolean" num="78" count="24" type="method"/>
            <line num="79" count="24" type="stmt"/>
            <line num="80" count="24" type="stmt"/>
            <line complexity="1" visibility="private" signature="propertyNotComparedDuringEquals(Class&lt;T&gt;,String) : boolean" num="83" count="45" type="method"/>
            <line num="84" count="45" type="stmt"/>
            <line num="85" count="45" type="stmt"/>
            <line num="86" count="45" type="stmt"/>
            <line num="87" count="45" type="stmt"/>
            <line num="88" count="45" type="stmt"/>
            <line num="89" count="45" type="stmt"/>
            <line num="90" count="45" type="stmt"/>
            <line num="91" count="45" type="stmt"/>
            <line num="92" count="45" type="stmt"/>
            <line complexity="3" visibility="private" signature="nullPropertyNotHandled(Class&lt;T&gt;,String) : boolean" num="96" count="39" type="method"/>
            <line num="97" count="39" type="stmt"/>
            <line num="98" count="39" type="stmt"/>
            <line num="99" count="39" type="stmt"/>
            <line falsecount="31" truecount="8" num="99" type="cond"/>
            <line num="100" count="8" type="stmt"/>
            <line num="102" count="31" type="stmt"/>
            <line num="103" count="31" type="stmt"/>
            <line num="104" count="31" type="stmt"/>
            <line num="105" count="31" type="stmt"/>
            <line num="106" count="31" type="stmt"/>
            <line num="107" count="31" type="stmt"/>
            <line num="109" count="6" type="stmt"/>
         </file>
         <file path="/Users/orien/src/libraries/bean-matchers/src/main/java/com/google/code/beanmatchers/AbstractBeanHashCodeMatcher.java" name="AbstractBeanHashCodeMatcher.java">
            <metrics coveredelements="18" coveredconditionals="2" complexity="4" loc="40" coveredmethods="3" methods="3" elements="18" classes="1" ncloc="34" statements="13" conditionals="2" coveredstatements="13"/>
            <class name="AbstractBeanHashCodeMatcher">
               <metrics coveredelements="18" coveredconditionals="2" complexity="4" coveredmethods="3" methods="3" elements="18" statements="13" conditionals="2" coveredstatements="13"/>
            </class>
            <line complexity="1" visibility="package" signature="AbstractBeanHashCodeMatcher(TypeBasedValueGenerator)" num="12" count="14" type="method"/>
            <line num="13" count="14" type="stmt"/>
            <line complexity="2" visibility="protected" signature="hashCodeIsInfluencedByProperties(JavaBean,List&lt;String&gt;,Description) : boolean" num="16" count="11" type="method"/>
            <line num="18" count="11" type="stmt"/>
            <line num="19" count="29" type="stmt"/>
            <line falsecount="25" truecount="4" num="19" type="cond"/>
            <line num="20" count="4" type="stmt"/>
            <line num="25" count="4" type="stmt"/>
            <line num="28" count="7" type="stmt"/>
            <line complexity="1" visibility="private" signature="hashCodeNotInfluencedByProperty(JavaBean,String) : boolean" num="31" count="29" type="method"/>
            <line num="32" count="29" type="stmt"/>
            <line num="33" count="29" type="stmt"/>
            <line num="34" count="29" type="stmt"/>
            <line num="35" count="29" type="stmt"/>
            <line num="36" count="29" type="stmt"/>
            <line num="37" count="29" type="stmt"/>
            <line num="38" count="29" type="stmt"/>
         </file>
         <file path="/Users/orien/src/libraries/bean-matchers/src/main/java/com/google/code/beanmatchers/AbstractBeanToStringMatcher.java" name="AbstractBeanToStringMatcher.java">
            <metrics coveredelements="40" coveredconditionals="12" complexity="10" loc="68" coveredmethods="4" methods="4" elements="40" classes="1" ncloc="62" statements="24" conditionals="12" coveredstatements="24"/>
            <class name="AbstractBeanToStringMatcher">
               <metrics coveredelements="40" coveredconditionals="12" complexity="10" coveredmethods="4" methods="4" elements="40" statements="24" conditionals="12" coveredstatements="24"/>
            </class>
            <line complexity="1" visibility="package" signature="AbstractBeanToStringMatcher(TypeBasedValueGenerator)" num="11" count="26" type="method"/>
            <line num="12" count="26" type="stmt"/>
            <line complexity="4" visibility="protected" signature="toStringDescribesProperties(Class,List&lt;String&gt;,Description) : boolean" num="15" count="23" type="method"/>
            <line num="17" count="23" type="stmt"/>
            <line num="18" count="23" type="stmt"/>
            <line falsecount="19" truecount="4" num="18" type="cond"/>
            <line num="19" count="4" type="stmt"/>
            <line num="22" count="4" type="stmt"/>
            <line num="24" count="19" type="stmt"/>
            <line num="25" count="35" type="stmt"/>
            <line num="26" count="35" type="stmt"/>
            <line num="27" count="35" type="stmt"/>
            <line num="28" count="35" type="stmt"/>
            <line num="29" count="35" type="stmt"/>
            <line falsecount="31" truecount="4" num="29" type="cond"/>
            <line num="30" count="4" type="stmt"/>
            <line num="35" count="4" type="stmt"/>
            <line num="37" count="31" type="stmt"/>
            <line falsecount="25" truecount="6" num="37" type="cond"/>
            <line num="38" count="6" type="stmt"/>
            <line num="43" count="6" type="stmt"/>
            <line num="46" count="9" type="stmt"/>
            <line complexity="4" visibility="private" signature="resultDoesNotContainValue(String,Object) : boolean" num="49" count="42" type="method"/>
            <line num="50" count="42" type="stmt"/>
            <line falsecount="37" truecount="5" num="50" type="cond"/>
            <line num="51" count="5" type="stmt"/>
            <line falsecount="3" truecount="11" num="51" type="cond"/>
            <line num="52" count="11" type="stmt"/>
            <line falsecount="9" truecount="2" num="52" type="cond"/>
            <line num="53" count="2" type="stmt"/>
            <line num="56" count="3" type="stmt"/>
            <line num="58" count="37" type="stmt"/>
            <line complexity="1" visibility="private" signature="describeToStringMismatch(Class,Description) : Description" num="62" count="14" type="method"/>
            <line num="63" count="14" type="stmt"/>
         </file>
         <file path="/Users/orien/src/libraries/bean-matchers/src/main/java/com/google/code/beanmatchers/AccessorMissingException.java" name="AccessorMissingException.java">
            <metrics coveredelements="2" coveredconditionals="0" complexity="1" loc="8" coveredmethods="1" methods="1" elements="2" classes="1" ncloc="6" statements="1" conditionals="0" coveredstatements="1"/>
            <class name="AccessorMissingException">
               <metrics coveredelements="2" coveredconditionals="0" complexity="1" coveredmethods="1" methods="1" elements="2" statements="1" conditionals="0" coveredstatements="1"/>
            </class>
            <line complexity="1" visibility="public" signature="AccessorMissingException(String)" num="5" count="4" type="method"/>
            <line num="6" count="4" type="stmt"/>
         </file>
         <file path="/Users/orien/src/libraries/bean-matchers/src/main/java/com/google/code/beanmatchers/ArrayTypeBasedValueGenerator.java" name="ArrayTypeBasedValueGenerator.java">
            <metrics coveredelements="9" coveredconditionals="2" complexity="3" loc="21" coveredmethods="2" methods="2" elements="9" classes="1" ncloc="16" statements="5" conditionals="2" coveredstatements="5"/>
            <class name="ArrayTypeBasedValueGenerator">
               <metrics coveredelements="9" coveredconditionals="2" complexity="3" coveredmethods="2" methods="2" elements="9" statements="5" conditionals="2" coveredstatements="5"/>
            </class>
            <line complexity="2" visibility="public" signature="generate(Class&lt;T&gt;) : T" num="10" count="26" type="method"/>
            <line num="11" count="26" type="stmt"/>
            <line num="12" count="26" type="stmt"/>
            <line falsecount="26" truecount="78" num="12" type="cond"/>
            <line num="13" count="78" type="stmt"/>
            <line num="15" count="26" type="stmt"/>
            <line complexity="1" visibility="public" signature="setTypeBaseValueGenerator(TypeBasedValueGenerator) : void" num="18" count="3" type="method"/>
            <line num="19" count="3" type="stmt"/>
         </file>
         <file path="/Users/orien/src/libraries/bean-matchers/src/main/java/com/google/code/beanmatchers/BeanMatchers.java" name="BeanMatchers.java">
            <metrics coveredelements="52" coveredconditionals="0" complexity="19" loc="110" coveredmethods="18" methods="19" elements="53" classes="1" ncloc="88" statements="34" conditionals="0" coveredstatements="34"/>
            <class name="BeanMatchers">
               <metrics coveredelements="52" coveredconditionals="0" complexity="19" coveredmethods="18" methods="19" elements="53" statements="34" conditionals="0" coveredstatements="34"/>
            </class>
            <line complexity="1" visibility="package" signature="&lt;clinit&gt;, line 13()" num="13" count="1" type="method"/>
            <line num="14" count="1" type="stmt"/>
            <line num="15" count="1" type="stmt"/>
            <line num="16" count="1" type="stmt"/>
            <line num="17" count="1" type="stmt"/>
            <line num="18" count="1" type="stmt"/>
            <line num="19" count="1" type="stmt"/>
            <line num="20" count="1" type="stmt"/>
            <line num="21" count="1" type="stmt"/>
            <line num="22" count="1" type="stmt"/>
            <line num="23" count="1" type="stmt"/>
            <line num="24" count="1" type="stmt"/>
            <line num="25" count="1" type="stmt"/>
            <line num="26" count="1" type="stmt"/>
            <line num="27" count="1" type="stmt"/>
            <line num="28" count="1" type="stmt"/>
            <line num="29" count="1" type="stmt"/>
            <line num="35" count="1" type="stmt"/>
            <line complexity="1" visibility="private" signature="BeanMatchers()" num="38" count="0" type="method"/>
            <line complexity="1" visibility="public" signature="hasValidGettersAndSettersFor(String) : Matcher&lt;Class&gt;" num="41" count="1" type="method"/>
            <line num="42" count="1" type="stmt"/>
            <line complexity="1" visibility="public" signature="isABeanWithValidGettersAndSettersFor(String) : Matcher&lt;T&gt;" num="45" count="2" type="method"/>
            <line num="46" count="2" type="stmt"/>
            <line complexity="1" visibility="public" signature="hasValidGettersAndSettersExcluding(String) : Matcher&lt;Class&gt;" num="49" count="2" type="method"/>
            <line num="50" count="2" type="stmt"/>
            <line complexity="1" visibility="public" signature="isABeanWithValidGettersAndSettersExcluding(String) : Matcher&lt;T&gt;" num="54" count="6" type="method"/>
            <line num="55" count="6" type="stmt"/>
            <line complexity="1" visibility="public" signature="hasValidGettersAndSetters() : Matcher&lt;Class&gt;" num="58" count="1" type="method"/>
            <line num="59" count="1" type="stmt"/>
            <line complexity="1" visibility="public" signature="isABeanWithValidGettersAndSetters() : Matcher&lt;T&gt;" num="62" count="3" type="method"/>
            <line num="63" count="3" type="stmt"/>
            <line complexity="1" visibility="public" signature="hasValidBeanConstructor() : Matcher&lt;Class&gt;" num="66" count="1" type="method"/>
            <line num="67" count="1" type="stmt"/>
            <line complexity="1" visibility="public" signature="hasValidBeanHashCode() : Matcher&lt;Class&gt;" num="70" count="1" type="method"/>
            <line num="71" count="1" type="stmt"/>
            <line complexity="1" visibility="public" signature="hasValidBeanHashCodeFor(String) : Matcher&lt;Class&gt;" num="74" count="1" type="method"/>
            <line num="75" count="1" type="stmt"/>
            <line complexity="1" visibility="public" signature="hasValidBeanHashCodeExcluding(String) : Matcher&lt;Class&gt;" num="78" count="1" type="method"/>
            <line num="79" count="1" type="stmt"/>
            <line complexity="1" visibility="public" signature="hasValidBeanEquals() : Matcher&lt;Class&gt;" num="82" count="1" type="method"/>
            <line num="83" count="1" type="stmt"/>
            <line complexity="1" visibility="public" signature="hasValidBeanEqualsFor(String) : Matcher&lt;Class&gt;" num="86" count="2" type="method"/>
            <line num="87" count="2" type="stmt"/>
            <line complexity="1" visibility="public" signature="hasValidBeanEqualsExcluding(String) : Matcher&lt;Class&gt;" num="90" count="1" type="method"/>
            <line num="91" count="1" type="stmt"/>
            <line complexity="1" visibility="public" signature="hasValidBeanToString() : Matcher&lt;Class&gt;" num="94" count="1" type="method"/>
            <line num="95" count="1" type="stmt"/>
            <line complexity="1" visibility="public" signature="hasValidBeanToStringFor(String) : Matcher&lt;Class&gt;" num="98" count="1" type="method"/>
            <line num="99" count="1" type="stmt"/>
            <line complexity="1" visibility="public" signature="hasValidBeanToStringExcluding(String) : Matcher&lt;Class&gt;" num="102" count="1" type="method"/>
            <line num="103" count="1" type="stmt"/>
            <line complexity="1" visibility="public" signature="registerValueGenerator(ValueGenerator&lt;T&gt;,Class&lt;T&gt;) : void" num="107" count="1" type="method"/>
            <line num="108" count="1" type="stmt"/>
         </file>
         <file path="/Users/orien/src/libraries/bean-matchers/src/main/java/com/google/code/beanmatchers/BeanMatchersException.java" name="BeanMatchersException.java">
            <metrics coveredelements="6" coveredconditionals="0" complexity="3" loc="16" coveredmethods="3" methods="3" elements="6" classes="1" ncloc="12" statements="3" conditionals="0" coveredstatements="3"/>
            <class name="BeanMatchersException">
               <metrics coveredelements="6" coveredconditionals="0" complexity="3" coveredmethods="3" methods="3" elements="6" statements="3" conditionals="0" coveredstatements="3"/>
            </class>
            <line complexity="1" visibility="public" signature="BeanMatchersException(String)" num="5" count="11" type="method"/>
            <line num="6" count="11" type="stmt"/>
            <line complexity="1" visibility="public" signature="BeanMatchersException(String,Throwable)" num="9" count="3" type="method"/>
            <line num="10" count="3" type="stmt"/>
            <line complexity="1" visibility="public" signature="BeanMatchersException(Throwable)" num="13" count="1" type="method"/>
            <line num="14" count="1" type="stmt"/>
         </file>
         <file path="/Users/orien/src/libraries/bean-matchers/src/main/java/com/google/code/beanmatchers/BeanOperations.java" name="BeanOperations.java">
            <metrics coveredelements="41" coveredconditionals="4" complexity="19" loc="94" coveredmethods="10" methods="11" elements="47" classes="1" ncloc="81" statements="32" conditionals="4" coveredstatements="27"/>
            <class name="BeanOperations">
               <metrics coveredelements="41" coveredconditionals="4" complexity="19" coveredmethods="10" methods="11" elements="47" statements="32" conditionals="4" coveredstatements="27"/>
            </class>
            <line complexity="1" visibility="private" signature="BeanOperations()" num="14" count="0" type="method"/>
            <line complexity="4" visibility="public" signature="instantiateBean(Class&lt;T&gt;) : T" num="17" count="370" type="method"/>
            <line num="18" count="370" type="stmt"/>
            <line num="19" count="370" type="stmt"/>
            <line num="20" count="370" type="stmt"/>
            <line num="21" count="370" type="stmt"/>
            <line num="23" count="0" type="stmt"/>
            <line num="26" count="0" type="stmt"/>
            <line num="29" count="0" type="stmt"/>
            <line complexity="2" visibility="public" signature="noArgsConstructor(Class&lt;T&gt;) : Constructor&lt;T&gt;" num="34" count="375" type="method"/>
            <line num="35" count="375" type="stmt"/>
            <line num="36" count="375" type="stmt"/>
            <line num="38" count="2" type="stmt"/>
            <line complexity="1" visibility="public" signature="properties(Class&lt;?&gt;) : List&lt;String&gt;" num="42" count="29" type="method"/>
            <line num="43" count="29" type="stmt"/>
            <line complexity="1" visibility="public" signature="properties(PropertyDescriptor[]) : List&lt;String&gt;" num="46" count="49" type="method"/>
            <line num="47" count="49" type="stmt"/>
            <line num="48" count="49" type="stmt"/>
            <line num="49" count="214" type="stmt"/>
            <line num="51" count="49" type="stmt"/>
            <line num="52" count="49" type="stmt"/>
            <line complexity="1" visibility="public" signature="propertyDescriptors(T) : PropertyDescriptor[]" num="55" count="404" type="method"/>
            <line num="56" count="404" type="stmt"/>
            <line complexity="1" visibility="private" signature="propertyDescriptors(Class&lt;?&gt;) : PropertyDescriptor[]" num="59" count="433" type="method"/>
            <line num="60" count="433" type="stmt"/>
            <line complexity="2" visibility="private" signature="beanInfo(Class) : BeanInfo" num="63" count="433" type="method"/>
            <line num="64" count="433" type="stmt"/>
            <line num="65" count="433" type="stmt"/>
            <line num="67" count="0" type="stmt"/>
            <line complexity="2" visibility="public" signature="invokeGetter(Object,PropertyDescriptor) : Object" num="71" count="77" type="method"/>
            <line num="72" count="77" type="stmt"/>
            <line num="73" count="77" type="stmt"/>
            <line falsecount="75" truecount="2" num="73" type="cond"/>
            <line num="74" count="2" type="stmt"/>
            <line num="76" count="75" type="stmt"/>
            <line complexity="2" visibility="public" signature="invokeSetter(Object,PropertyDescriptor,Object) : void" num="79" count="368" type="method"/>
            <line num="80" count="368" type="stmt"/>
            <line num="81" count="368" type="stmt"/>
            <line falsecount="366" truecount="2" num="81" type="cond"/>
            <line num="82" count="2" type="stmt"/>
            <line num="84" count="366" type="stmt"/>
            <line complexity="2" visibility="private" signature="invokeMethod(Object,Method,Object) : Object" num="87" count="441" type="method"/>
            <line num="88" count="441" type="stmt"/>
            <line num="89" count="441" type="stmt"/>
            <line num="91" count="0" type="stmt"/>
         </file>
         <file path="/Users/orien/src/libraries/bean-matchers/src/main/java/com/google/code/beanmatchers/BooleanGenerator.java" name="BooleanGenerator.java">
            <metrics coveredelements="4" coveredconditionals="0" complexity="2" loc="16" coveredmethods="2" methods="2" elements="4" classes="1" ncloc="11" statements="2" conditionals="0" coveredstatements="2"/>
            <class name="BooleanGenerator">
               <metrics coveredelements="4" coveredconditionals="0" complexity="2" coveredmethods="2" methods="2" elements="4" statements="2" conditionals="0" coveredstatements="2"/>
            </class>
            <line complexity="1" visibility="public" signature="BooleanGenerator(Random)" num="9" count="2" type="method"/>
            <line num="10" count="2" type="stmt"/>
            <line complexity="1" visibility="public" signature="generate() : Boolean" num="13" count="23" type="method"/>
            <line num="14" count="23" type="stmt"/>
         </file>
         <file path="/Users/orien/src/libraries/bean-matchers/src/main/java/com/google/code/beanmatchers/ByteGenerator.java" name="ByteGenerator.java">
            <metrics coveredelements="6" coveredconditionals="0" complexity="2" loc="18" coveredmethods="2" methods="2" elements="6" classes="1" ncloc="13" statements="4" conditionals="0" coveredstatements="4"/>
            <class name="ByteGenerator">
               <metrics coveredelements="6" coveredconditionals="0" complexity="2" coveredmethods="2" methods="2" elements="6" statements="4" conditionals="0" coveredstatements="4"/>
            </class>
            <line complexity="1" visibility="public" signature="ByteGenerator(Random)" num="9" count="3" type="method"/>
            <line num="10" count="3" type="stmt"/>
            <line complexity="1" visibility="public" signature="generate() : Byte" num="13" count="18" type="method"/>
            <line num="14" count="18" type="stmt"/>
            <line num="15" count="18" type="stmt"/>
            <line num="16" count="18" type="stmt"/>
         </file>
         <file path="/Users/orien/src/libraries/bean-matchers/src/main/java/com/google/code/beanmatchers/CharacterGenerator.java" name="CharacterGenerator.java">
            <metrics coveredelements="7" coveredconditionals="0" complexity="2" loc="20" coveredmethods="2" methods="2" elements="7" classes="1" ncloc="15" statements="5" conditionals="0" coveredstatements="5"/>
            <class name="CharacterGenerator">
               <metrics coveredelements="7" coveredconditionals="0" complexity="2" coveredmethods="2" methods="2" elements="7" statements="5" conditionals="0" coveredstatements="5"/>
            </class>
            <line complexity="1" visibility="public" signature="CharacterGenerator(Random)" num="10" count="3" type="method"/>
            <line num="11" count="3" type="stmt"/>
            <line complexity="1" visibility="public" signature="generate() : Character" num="14" count="18" type="method"/>
            <line num="15" count="18" type="stmt"/>
            <line num="16" count="18" type="stmt"/>
            <line num="17" count="18" type="stmt"/>
            <line num="18" count="18" type="stmt"/>
         </file>
         <file path="/Users/orien/src/libraries/bean-matchers/src/main/java/com/google/code/beanmatchers/DefaultTypeBasedValueGenerator.java" name="DefaultTypeBasedValueGenerator.java">
            <metrics coveredelements="24" coveredconditionals="8" complexity="6" loc="45" coveredmethods="2" methods="2" elements="24" classes="1" ncloc="40" statements="14" conditionals="8" coveredstatements="14"/>
            <class name="DefaultTypeBasedValueGenerator">
               <metrics coveredelements="24" coveredconditionals="8" complexity="6" coveredmethods="2" methods="2" elements="24" statements="14" conditionals="8" coveredstatements="14"/>
            </class>
            <line complexity="1" visibility="public" signature="DefaultTypeBasedValueGenerator(ValueGeneratorRepository,TypeBasedValueGenerator,TypeBasedValueGenerator,TypeBasedValueGenerator)" num="12" count="6" type="method"/>
            <line num="16" count="6" type="stmt"/>
            <line num="17" count="6" type="stmt"/>
            <line num="18" count="6" type="stmt"/>
            <line num="19" count="6" type="stmt"/>
            <line complexity="5" visibility="public" signature="generate(Class&lt;T&gt;) : T" num="22" count="282" type="method"/>
            <line num="23" count="282" type="stmt"/>
            <line num="24" count="282" type="stmt"/>
            <line falsecount="91" truecount="191" num="24" type="cond"/>
            <line num="25" count="191" type="stmt"/>
            <line num="27" count="91" type="stmt"/>
            <line falsecount="40" truecount="51" num="27" type="cond"/>
            <line num="28" count="51" type="stmt"/>
            <line num="30" count="40" type="stmt"/>
            <line falsecount="27" truecount="13" num="30" type="cond"/>
            <line num="31" count="13" type="stmt"/>
            <line num="33" count="27" type="stmt"/>
            <line falsecount="2" truecount="25" num="33" type="cond"/>
            <line num="34" count="25" type="stmt"/>
            <line num="36" count="2" type="stmt"/>
         </file>
         <file path="/Users/orien/src/libraries/bean-matchers/src/main/java/com/google/code/beanmatchers/DistinctValues.java" name="DistinctValues.java">
            <metrics coveredelements="7" coveredconditionals="0" complexity="3" loc="19" coveredmethods="3" methods="3" elements="7" classes="1" ncloc="15" statements="4" conditionals="0" coveredstatements="4"/>
            <class name="DistinctValues">
               <metrics coveredelements="7" coveredconditionals="0" complexity="3" coveredmethods="3" methods="3" elements="7" statements="4" conditionals="0" coveredstatements="4"/>
            </class>
            <line complexity="1" visibility="public" signature="DistinctValues(T,T)" num="7" count="76" type="method"/>
            <line num="8" count="76" type="stmt"/>
            <line num="9" count="76" type="stmt"/>
            <line complexity="1" visibility="public" signature="getValueOne() : T" num="12" count="121" type="method"/>
            <line num="13" count="121" type="stmt"/>
            <line complexity="1" visibility="public" signature="getValueTwo() : T" num="16" count="76" type="method"/>
            <line num="17" count="76" type="stmt"/>
         </file>
         <file path="/Users/orien/src/libraries/bean-matchers/src/main/java/com/google/code/beanmatchers/DoubleGenerator.java" name="DoubleGenerator.java">
            <metrics coveredelements="4" coveredconditionals="0" complexity="2" loc="16" coveredmethods="2" methods="2" elements="4" classes="1" ncloc="11" statements="2" conditionals="0" coveredstatements="2"/>
            <class name="DoubleGenerator">
               <metrics coveredelements="4" coveredconditionals="0" complexity="2" coveredmethods="2" methods="2" elements="4" statements="2" conditionals="0" coveredstatements="2"/>
            </class>
            <line complexity="1" visibility="public" signature="DoubleGenerator(Random)" num="9" count="2" type="method"/>
            <line num="10" count="2" type="stmt"/>
            <line complexity="1" visibility="public" signature="generate() : Double" num="13" count="16" type="method"/>
            <line num="14" count="16" type="stmt"/>
         </file>
         <file path="/Users/orien/src/libraries/bean-matchers/src/main/java/com/google/code/beanmatchers/EnumBasedValueGenerator.java" name="EnumBasedValueGenerator.java">
            <metrics coveredelements="6" coveredconditionals="0" complexity="2" loc="18" coveredmethods="2" methods="2" elements="6" classes="1" ncloc="13" statements="4" conditionals="0" coveredstatements="4"/>
            <class name="EnumBasedValueGenerator">
               <metrics coveredelements="6" coveredconditionals="0" complexity="2" coveredmethods="2" methods="2" elements="6" statements="4" conditionals="0" coveredstatements="4"/>
            </class>
            <line complexity="1" visibility="public" signature="EnumBasedValueGenerator(Random)" num="9" count="3" type="method"/>
            <line num="10" count="3" type="stmt"/>
            <line complexity="1" visibility="public" signature="generate(Class&lt;T&gt;) : T" num="13" count="14" type="method"/>
            <line num="14" count="14" type="stmt"/>
            <line num="15" count="14" type="stmt"/>
            <line num="16" count="14" type="stmt"/>
         </file>
         <file path="/Users/orien/src/libraries/bean-matchers/src/main/java/com/google/code/beanmatchers/FloatGenerator.java" name="FloatGenerator.java">
            <metrics coveredelements="4" coveredconditionals="0" complexity="2" loc="16" coveredmethods="2" methods="2" elements="4" classes="1" ncloc="11" statements="2" conditionals="0" coveredstatements="2"/>
            <class name="FloatGenerator">
               <metrics coveredelements="4" coveredconditionals="0" complexity="2" coveredmethods="2" methods="2" elements="4" statements="2" conditionals="0" coveredstatements="2"/>
            </class>
            <line complexity="1" visibility="public" signature="FloatGenerator(Random)" num="9" count="2" type="method"/>
            <line num="10" count="2" type="stmt"/>
            <line complexity="1" visibility="public" signature="generate() : Float" num="13" count="16" type="method"/>
            <line num="14" count="16" type="stmt"/>
         </file>
         <file path="/Users/orien/src/libraries/bean-matchers/src/main/java/com/google/code/beanmatchers/HasToStringDescribingPropertiesExcludingMatcher.java" name="HasToStringDescribingPropertiesExcludingMatcher.java">
            <metrics coveredelements="14" coveredconditionals="2" complexity="4" loc="37" coveredmethods="3" methods="3" elements="14" classes="1" ncloc="30" statements="9" conditionals="2" coveredstatements="9"/>
            <class name="HasToStringDescribingPropertiesExcludingMatcher">
               <metrics coveredelements="14" coveredconditionals="2" complexity="4" coveredmethods="3" methods="3" elements="14" statements="9" conditionals="2" coveredstatements="9"/>
            </class>
            <line complexity="1" visibility="public" signature="HasToStringDescribingPropertiesExcludingMatcher(TypeBasedValueGenerator,String)" num="14" count="14" type="method"/>
            <line num="16" count="14" type="stmt"/>
            <line num="17" count="14" type="stmt"/>
            <line complexity="1" visibility="protected" signature="matchesSafely(Class,Description) : boolean" num="20" count="12" type="method"/>
            <line num="22" count="12" type="stmt"/>
            <line num="23" count="12" type="stmt"/>
            <line num="24" count="12" type="stmt"/>
            <line complexity="2" visibility="public" signature="describeTo(Description) : void" num="27" count="2" type="method"/>
            <line num="29" count="2" type="stmt"/>
            <line falsecount="1" truecount="1" num="29" type="cond"/>
            <line num="30" count="1" type="stmt"/>
            <line num="32" count="1" type="stmt"/>
            <line num="34" count="1" type="stmt"/>
         </file>
         <file path="/Users/orien/src/libraries/bean-matchers/src/main/java/com/google/code/beanmatchers/HasToStringDescribingPropertiesMatcher.java" name="HasToStringDescribingPropertiesMatcher.java">
            <metrics coveredelements="8" coveredconditionals="0" complexity="3" loc="28" coveredmethods="3" methods="3" elements="8" classes="1" ncloc="20" statements="5" conditionals="0" coveredstatements="5"/>
            <class name="HasToStringDescribingPropertiesMatcher">
               <metrics coveredelements="8" coveredconditionals="0" complexity="3" coveredmethods="3" methods="3" elements="8" statements="5" conditionals="0" coveredstatements="5"/>
            </class>
            <line complexity="1" visibility="public" signature="HasToStringDescribingPropertiesMatcher(TypeBasedValueGenerator,String)" num="13" count="12" type="method"/>
            <line num="15" count="12" type="stmt"/>
            <line num="16" count="12" type="stmt"/>
            <line complexity="1" visibility="protected" signature="matchesSafely(Class,Description) : boolean" num="19" count="11" type="method"/>
            <line num="21" count="11" type="stmt"/>
            <line complexity="1" visibility="public" signature="describeTo(Description) : void" num="24" count="1" type="method"/>
            <line num="25" count="1" type="stmt"/>
            <line num="26" count="1" type="stmt"/>
         </file>
         <file path="/Users/orien/src/libraries/bean-matchers/src/main/java/com/google/code/beanmatchers/HasValidBeanConstructorMatcher.java" name="HasValidBeanConstructorMatcher.java">
            <metrics coveredelements="8" coveredconditionals="0" complexity="3" loc="27" coveredmethods="2" methods="2" elements="8" classes="1" ncloc="22" statements="6" conditionals="0" coveredstatements="6"/>
            <class name="HasValidBeanConstructorMatcher">
               <metrics coveredelements="8" coveredconditionals="0" complexity="3" coveredmethods="2" methods="2" elements="8" statements="6" conditionals="0" coveredstatements="6"/>
            </class>
            <line complexity="2" visibility="protected" signature="matchesSafely(Class,Description) : boolean" num="10" count="4" type="method"/>
            <line num="12" count="4" type="stmt"/>
            <line num="13" count="4" type="stmt"/>
            <line num="14" count="2" type="stmt"/>
            <line num="16" count="2" type="stmt"/>
            <line num="20" count="2" type="stmt"/>
            <line complexity="1" visibility="public" signature="describeTo(Description) : void" num="24" count="1" type="method"/>
            <line num="25" count="1" type="stmt"/>
         </file>
         <file path="/Users/orien/src/libraries/bean-matchers/src/main/java/com/google/code/beanmatchers/HasValidBeanEqualsExcludingMatcher.java" name="HasValidBeanEqualsExcludingMatcher.java">
            <metrics coveredelements="15" coveredconditionals="2" complexity="4" loc="35" coveredmethods="3" methods="3" elements="15" classes="1" ncloc="29" statements="10" conditionals="2" coveredstatements="10"/>
            <class name="HasValidBeanEqualsExcludingMatcher">
               <metrics coveredelements="15" coveredconditionals="2" complexity="4" coveredmethods="3" methods="3" elements="15" statements="10" conditionals="2" coveredstatements="10"/>
            </class>
            <line complexity="1" visibility="package" signature="HasValidBeanEqualsExcludingMatcher(TypeBasedValueGenerator,String)" num="12" count="19" type="method"/>
            <line num="14" count="19" type="stmt"/>
            <line num="15" count="19" type="stmt"/>
            <line complexity="1" visibility="protected" signature="matchesSafely(Class&lt;T&gt;,Description) : boolean" num="18" count="17" type="method"/>
            <line num="20" count="17" type="stmt"/>
            <line num="21" count="17" type="stmt"/>
            <line num="22" count="17" type="stmt"/>
            <line complexity="2" visibility="public" signature="describeTo(Description) : void" num="25" count="2" type="method"/>
            <line num="27" count="2" type="stmt"/>
            <line falsecount="1" truecount="1" num="27" type="cond"/>
            <line num="28" count="1" type="stmt"/>
            <line num="30" count="1" type="stmt"/>
            <line num="31" count="1" type="stmt"/>
            <line num="32" count="1" type="stmt"/>
         </file>
         <file path="/Users/orien/src/libraries/bean-matchers/src/main/java/com/google/code/beanmatchers/HasValidBeanEqualsForMatcher.java" name="HasValidBeanEqualsForMatcher.java">
            <metrics coveredelements="9" coveredconditionals="0" complexity="3" loc="27" coveredmethods="3" methods="3" elements="9" classes="1" ncloc="21" statements="6" conditionals="0" coveredstatements="6"/>
            <class name="HasValidBeanEqualsForMatcher">
               <metrics coveredelements="9" coveredconditionals="0" complexity="3" coveredmethods="3" methods="3" elements="9" statements="6" conditionals="0" coveredstatements="6"/>
            </class>
            <line complexity="1" visibility="package" signature="HasValidBeanEqualsForMatcher(TypeBasedValueGenerator,String)" num="11" count="18" type="method"/>
            <line num="12" count="18" type="stmt"/>
            <line num="13" count="18" type="stmt"/>
            <line complexity="1" visibility="protected" signature="matchesSafely(Class&lt;T&gt;,Description) : boolean" num="16" count="17" type="method"/>
            <line num="18" count="17" type="stmt"/>
            <line complexity="1" visibility="public" signature="describeTo(Description) : void" num="21" count="1" type="method"/>
            <line num="23" count="1" type="stmt"/>
            <line num="24" count="1" type="stmt"/>
            <line num="25" count="1" type="stmt"/>
         </file>
         <file path="/Users/orien/src/libraries/bean-matchers/src/main/java/com/google/code/beanmatchers/HasValidBeanHashCodeExcludingMatcher.java" name="HasValidBeanHashCodeExcludingMatcher.java">
            <metrics coveredelements="16" coveredconditionals="2" complexity="4" loc="35" coveredmethods="3" methods="3" elements="16" classes="1" ncloc="29" statements="11" conditionals="2" coveredstatements="11"/>
            <class name="HasValidBeanHashCodeExcludingMatcher">
               <metrics coveredelements="16" coveredconditionals="2" complexity="4" coveredmethods="3" methods="3" elements="16" statements="11" conditionals="2" coveredstatements="11"/>
            </class>
            <line complexity="1" visibility="package" signature="HasValidBeanHashCodeExcludingMatcher(TypeBasedValueGenerator,String)" num="11" count="8" type="method"/>
            <line num="13" count="8" type="stmt"/>
            <line num="14" count="8" type="stmt"/>
            <line complexity="1" visibility="protected" signature="matchesSafely(Class&lt;T&gt;,Description) : boolean" num="17" count="6" type="method"/>
            <line num="19" count="6" type="stmt"/>
            <line num="20" count="6" type="stmt"/>
            <line num="21" count="6" type="stmt"/>
            <line num="22" count="6" type="stmt"/>
            <line complexity="2" visibility="public" signature="describeTo(Description) : void" num="25" count="2" type="method"/>
            <line num="27" count="2" type="stmt"/>
            <line falsecount="1" truecount="1" num="27" type="cond"/>
            <line num="28" count="1" type="stmt"/>
            <line num="30" count="1" type="stmt"/>
            <line num="31" count="1" type="stmt"/>
            <line num="32" count="1" type="stmt"/>
         </file>
         <file path="/Users/orien/src/libraries/bean-matchers/src/main/java/com/google/code/beanmatchers/HasValidBeanHashCodeForMatcher.java" name="HasValidBeanHashCodeForMatcher.java">
            <metrics coveredelements="9" coveredconditionals="0" complexity="3" loc="28" coveredmethods="3" methods="3" elements="9" classes="1" ncloc="22" statements="6" conditionals="0" coveredstatements="6"/>
            <class name="HasValidBeanHashCodeForMatcher">
               <metrics coveredelements="9" coveredconditionals="0" complexity="3" coveredmethods="3" methods="3" elements="9" statements="6" conditionals="0" coveredstatements="6"/>
            </class>
            <line complexity="1" visibility="package" signature="HasValidBeanHashCodeForMatcher(TypeBasedValueGenerator,String)" num="11" count="6" type="method"/>
            <line num="12" count="6" type="stmt"/>
            <line num="13" count="6" type="stmt"/>
            <line complexity="1" visibility="protected" signature="matchesSafely(Class&lt;T&gt;,Description) : boolean" num="16" count="5" type="method"/>
            <line num="18" count="5" type="stmt"/>
            <line complexity="1" visibility="public" signature="describeTo(Description) : void" num="22" count="1" type="method"/>
            <line num="24" count="1" type="stmt"/>
            <line num="25" count="1" type="stmt"/>
            <line num="26" count="1" type="stmt"/>
         </file>
         <file path="/Users/orien/src/libraries/bean-matchers/src/main/java/com/google/code/beanmatchers/HasValidGettersAndSettersExcludingMatcher.java" name="HasValidGettersAndSettersExcludingMatcher.java">
            <metrics coveredelements="15" coveredconditionals="2" complexity="4" loc="35" coveredmethods="3" methods="3" elements="15" classes="1" ncloc="29" statements="10" conditionals="2" coveredstatements="10"/>
            <class name="HasValidGettersAndSettersExcludingMatcher">
               <metrics coveredelements="15" coveredconditionals="2" complexity="4" coveredmethods="3" methods="3" elements="15" statements="10" conditionals="2" coveredstatements="10"/>
            </class>
            <line complexity="1" visibility="package" signature="HasValidGettersAndSettersExcludingMatcher(TypeBasedValueGenerator,String)" num="11" count="15" type="method"/>
            <line num="13" count="15" type="stmt"/>
            <line num="14" count="15" type="stmt"/>
            <line complexity="1" visibility="protected" signature="matches(Object,Description) : boolean" num="17" count="13" type="method"/>
            <line num="19" count="13" type="stmt"/>
            <line num="20" count="13" type="stmt"/>
            <line num="21" count="13" type="stmt"/>
            <line num="22" count="13" type="stmt"/>
            <line complexity="2" visibility="public" signature="describeTo(Description) : void" num="25" count="2" type="method"/>
            <line num="27" count="2" type="stmt"/>
            <line falsecount="1" truecount="1" num="27" type="cond"/>
            <line num="28" count="1" type="stmt"/>
            <line num="30" count="1" type="stmt"/>
            <line num="32" count="1" type="stmt"/>
         </file>
         <file path="/Users/orien/src/libraries/bean-matchers/src/main/java/com/google/code/beanmatchers/HasValidGettersAndSettersMatcher.java" name="HasValidGettersAndSettersMatcher.java">
            <metrics coveredelements="8" coveredconditionals="0" complexity="3" loc="26" coveredmethods="3" methods="3" elements="8" classes="1" ncloc="20" statements="5" conditionals="0" coveredstatements="5"/>
            <class name="HasValidGettersAndSettersMatcher">
               <metrics coveredelements="8" coveredconditionals="0" complexity="3" coveredmethods="3" methods="3" elements="8" statements="5" conditionals="0" coveredstatements="5"/>
            </class>
            <line complexity="1" visibility="package" signature="HasValidGettersAndSettersMatcher(TypeBasedValueGenerator,String)" num="11" count="9" type="method"/>
            <line num="12" count="9" type="stmt"/>
            <line num="13" count="9" type="stmt"/>
            <line complexity="1" visibility="protected" signature="matches(Object,Description) : boolean" num="16" count="8" type="method"/>
            <line num="18" count="8" type="stmt"/>
            <line complexity="1" visibility="public" signature="describeTo(Description) : void" num="22" count="1" type="method"/>
            <line num="23" count="1" type="stmt"/>
            <line num="24" count="1" type="stmt"/>
         </file>
         <file path="/Users/orien/src/libraries/bean-matchers/src/main/java/com/google/code/beanmatchers/InMemoryValueGeneratorRepository.java" name="InMemoryValueGeneratorRepository.java">
            <metrics coveredelements="7" coveredconditionals="0" complexity="3" loc="25" coveredmethods="3" methods="3" elements="7" classes="1" ncloc="19" statements="4" conditionals="0" coveredstatements="4"/>
            <class name="InMemoryValueGeneratorRepository">
               <metrics coveredelements="7" coveredconditionals="0" complexity="3" coveredmethods="3" methods="3" elements="7" statements="4" conditionals="0" coveredstatements="4"/>
            </class>
            <line complexity="1" visibility="public" signature="registerValueGenerator(ValueGenerator&lt;T&gt;,Class&lt;T&gt;) : void" num="11" count="24" type="method"/>
            <line num="12" count="24" type="stmt"/>
            <line complexity="1" visibility="public" signature="registerValueGenerator(ValueGenerator&lt;T&gt;,Class&lt;T&gt;,Class&lt;T&gt;) : void" num="15" count="9" type="method"/>
            <line num="17" count="9" type="stmt"/>
            <line num="18" count="9" type="stmt"/>
            <line complexity="1" visibility="public" signature="retrieveValueGenerator(Class&lt;T&gt;) : ValueGenerator&lt;T&gt;" num="21" count="281" type="method"/>
            <line num="23" count="281" type="stmt"/>
         </file>
         <file path="/Users/orien/src/libraries/bean-matchers/src/main/java/com/google/code/beanmatchers/InstantiatingMatcherDecorator.java" name="InstantiatingMatcherDecorator.java">
            <metrics coveredelements="10" coveredconditionals="0" complexity="4" loc="32" coveredmethods="4" methods="4" elements="10" classes="1" ncloc="24" statements="6" conditionals="0" coveredstatements="6"/>
            <class name="InstantiatingMatcherDecorator">
               <metrics coveredelements="10" coveredconditionals="0" complexity="4" coveredmethods="4" methods="4" elements="10" statements="6" conditionals="0" coveredstatements="6"/>
            </class>
            <line complexity="1" visibility="public" signature="InstantiatingMatcherDecorator(Matcher&lt;T&gt;)" num="13" count="7" type="method"/>
            <line num="14" count="7" type="stmt"/>
            <line complexity="1" visibility="protected" signature="matchesSafely(Class&lt;T&gt;) : boolean" num="17" count="5" type="method"/>
            <line num="19" count="5" type="stmt"/>
            <line num="20" count="5" type="stmt"/>
            <line complexity="1" visibility="protected" signature="describeMismatchSafely(Class&lt;T&gt;,Description) : void" num="23" count="1" type="method"/>
            <line num="25" count="1" type="stmt"/>
            <line num="26" count="1" type="stmt"/>
            <line complexity="1" visibility="public" signature="describeTo(Description) : void" num="29" count="1" type="method"/>
            <line num="30" count="1" type="stmt"/>
         </file>
         <file path="/Users/orien/src/libraries/bean-matchers/src/main/java/com/google/code/beanmatchers/IntegerGenerator.java" name="IntegerGenerator.java">
            <metrics coveredelements="4" coveredconditionals="0" complexity="2" loc="16" coveredmethods="2" methods="2" elements="4" classes="1" ncloc="11" statements="2" conditionals="0" coveredstatements="2"/>
            <class name="IntegerGenerator">
               <metrics coveredelements="4" coveredconditionals="0" complexity="2" coveredmethods="2" methods="2" elements="4" statements="2" conditionals="0" coveredstatements="2"/>
            </class>
            <line complexity="1" visibility="public" signature="IntegerGenerator(Random)" num="9" count="2" type="method"/>
            <line num="10" count="2" type="stmt"/>
            <line complexity="1" visibility="public" signature="generate() : Integer" num="13" count="64" type="method"/>
            <line num="14" count="64" type="stmt"/>
         </file>
         <file path="/Users/orien/src/libraries/bean-matchers/src/main/java/com/google/code/beanmatchers/JavaBean.java" name="JavaBean.java">
            <metrics coveredelements="32" coveredconditionals="4" complexity="13" loc="72" coveredmethods="11" methods="11" elements="32" classes="1" ncloc="57" statements="17" conditionals="4" coveredstatements="17"/>
            <class name="JavaBean">
               <metrics coveredelements="32" coveredconditionals="4" complexity="13" coveredmethods="11" methods="11" elements="32" statements="17" conditionals="4" coveredstatements="17"/>
            </class>
            <line complexity="1" visibility="public" signature="JavaBean(Object)" num="16" count="399" type="method"/>
            <line num="17" count="399" type="stmt"/>
            <line num="18" count="399" type="stmt"/>
            <line complexity="1" visibility="public" signature="JavaBean(Class)" num="21" count="362" type="method"/>
            <line num="22" count="362" type="stmt"/>
            <line complexity="1" visibility="public" signature="beanType() : Class" num="25" count="13" type="method"/>
            <line num="26" count="13" type="stmt"/>
            <line complexity="1" visibility="public" signature="propertyType(String) : Class&lt;?&gt;" num="29" count="226" type="method"/>
            <line num="30" count="226" type="stmt"/>
            <line complexity="1" visibility="public" signature="setProperty(String,Object) : void" num="33" count="367" type="method"/>
            <line num="34" count="367" type="stmt"/>
            <line complexity="1" visibility="public" signature="getProperty(String) : Object" num="37" count="76" type="method"/>
            <line num="38" count="76" type="stmt"/>
            <line complexity="2" visibility="private" signature="descriptorForName(String) : PropertyDescriptor" num="41" count="669" type="method"/>
            <line num="42" count="669" type="stmt"/>
            <line num="43" count="5744" type="stmt"/>
            <line falsecount="5078" truecount="666" num="43" type="cond"/>
            <line num="44" count="666" type="stmt"/>
            <line num="47" count="3" type="stmt"/>
            <line complexity="1" visibility="public" signature="properties() : List&lt;String&gt;" num="51" count="20" type="method"/>
            <line num="52" count="20" type="stmt"/>
            <line complexity="1" visibility="public" signature="toString() : String" num="55" count="59" type="method"/>
            <line num="56" count="59" type="stmt"/>
            <line complexity="1" visibility="public" signature="hashCode() : int" num="59" count="59" type="method"/>
            <line num="61" count="59" type="stmt"/>
            <line complexity="2" visibility="public" signature="equals(Object) : boolean" num="64" count="238" type="method"/>
            <line num="66" count="238" type="stmt"/>
            <line falsecount="56" truecount="182" num="66" type="cond"/>
            <line num="67" count="182" type="stmt"/>
            <line num="69" count="56" type="stmt"/>
         </file>
         <file path="/Users/orien/src/libraries/bean-matchers/src/main/java/com/google/code/beanmatchers/ListGenerator.java" name="ListGenerator.java">
            <metrics coveredelements="2" coveredconditionals="0" complexity="1" loc="11" coveredmethods="1" methods="1" elements="2" classes="1" ncloc="8" statements="1" conditionals="0" coveredstatements="1"/>
            <class name="ListGenerator">
               <metrics coveredelements="2" coveredconditionals="0" complexity="1" coveredmethods="1" methods="1" elements="2" statements="1" conditionals="0" coveredstatements="1"/>
            </class>
            <line complexity="1" visibility="public" signature="generate() : List" num="8" count="3" type="method"/>
            <line num="9" count="3" type="stmt"/>
         </file>
         <file path="/Users/orien/src/libraries/bean-matchers/src/main/java/com/google/code/beanmatchers/LongGenerator.java" name="LongGenerator.java">
            <metrics coveredelements="4" coveredconditionals="0" complexity="2" loc="16" coveredmethods="2" methods="2" elements="4" classes="1" ncloc="11" statements="2" conditionals="0" coveredstatements="2"/>
            <class name="LongGenerator">
               <metrics coveredelements="4" coveredconditionals="0" complexity="2" coveredmethods="2" methods="2" elements="4" statements="2" conditionals="0" coveredstatements="2"/>
            </class>
            <line complexity="1" visibility="public" signature="LongGenerator(Random)" num="9" count="2" type="method"/>
            <line num="10" count="2" type="stmt"/>
            <line complexity="1" visibility="public" signature="generate() : Long" num="13" count="22" type="method"/>
            <line num="14" count="22" type="stmt"/>
         </file>
         <file path="/Users/orien/src/libraries/bean-matchers/src/main/java/com/google/code/beanmatchers/MockingTypeBasedValueGenerator.java" name="MockingTypeBasedValueGenerator.java">
            <metrics coveredelements="2" coveredconditionals="0" complexity="1" loc="10" coveredmethods="1" methods="1" elements="2" classes="1" ncloc="7" statements="1" conditionals="0" coveredstatements="1"/>
            <class name="MockingTypeBasedValueGenerator">
               <metrics coveredelements="2" coveredconditionals="0" complexity="1" coveredmethods="1" methods="1" elements="2" statements="1" conditionals="0" coveredstatements="1"/>
            </class>
            <line complexity="1" visibility="public" signature="generate(Class&lt;T&gt;) : T" num="7" count="51" type="method"/>
            <line num="8" count="51" type="stmt"/>
         </file>
         <file path="/Users/orien/src/libraries/bean-matchers/src/main/java/com/google/code/beanmatchers/ShortGenerator.java" name="ShortGenerator.java">
            <metrics coveredelements="7" coveredconditionals="0" complexity="2" loc="20" coveredmethods="2" methods="2" elements="7" classes="1" ncloc="15" statements="5" conditionals="0" coveredstatements="5"/>
            <class name="ShortGenerator">
               <metrics coveredelements="7" coveredconditionals="0" complexity="2" coveredmethods="2" methods="2" elements="7" statements="5" conditionals="0" coveredstatements="5"/>
            </class>
            <line complexity="1" visibility="public" signature="ShortGenerator(Random)" num="10" count="3" type="method"/>
            <line num="11" count="3" type="stmt"/>
            <line complexity="1" visibility="public" signature="generate() : Short" num="14" count="18" type="method"/>
            <line num="15" count="18" type="stmt"/>
            <line num="16" count="18" type="stmt"/>
            <line num="17" count="18" type="stmt"/>
            <line num="18" count="18" type="stmt"/>
         </file>
         <file path="/Users/orien/src/libraries/bean-matchers/src/main/java/com/google/code/beanmatchers/StringGenerator.java" name="StringGenerator.java">
            <metrics coveredelements="2" coveredconditionals="0" complexity="1" loc="9" coveredmethods="1" methods="1" elements="2" classes="1" ncloc="7" statements="1" conditionals="0" coveredstatements="1"/>
            <class name="StringGenerator">
               <metrics coveredelements="2" coveredconditionals="0" complexity="1" coveredmethods="1" methods="1" elements="2" statements="1" conditionals="0" coveredstatements="1"/>
            </class>
            <line complexity="1" visibility="public" signature="generate() : String" num="6" count="11" type="method"/>
            <line num="7" count="11" type="stmt"/>
         </file>
         <file path="/Users/orien/src/libraries/bean-matchers/src/main/java/com/google/code/beanmatchers/TypeBasedValueGenerator.java" name="TypeBasedValueGenerator.java">
            <metrics coveredelements="0" coveredconditionals="0" complexity="0" loc="9" coveredmethods="0" methods="0" elements="0" classes="1" ncloc="4" statements="0" conditionals="0" coveredstatements="0"/>
            <class name="TypeBasedValueGenerator">
               <metrics coveredelements="0" coveredconditionals="0" complexity="0" coveredmethods="0" methods="0" elements="0" statements="0" conditionals="0" coveredstatements="0"/>
            </class>
         </file>
         <file path="/Users/orien/src/libraries/bean-matchers/src/main/java/com/google/code/beanmatchers/UuidGenerator.java" name="UuidGenerator.java">
            <metrics coveredelements="2" coveredconditionals="0" complexity="1" loc="9" coveredmethods="1" methods="1" elements="2" classes="1" ncloc="7" statements="1" conditionals="0" coveredstatements="1"/>
            <class name="UuidGenerator">
               <metrics coveredelements="2" coveredconditionals="0" complexity="1" coveredmethods="1" methods="1" elements="2" statements="1" conditionals="0" coveredstatements="1"/>
            </class>
            <line complexity="1" visibility="public" signature="generate() : UUID" num="6" count="3" type="method"/>
            <line num="7" count="3" type="stmt"/>
         </file>
         <file path="/Users/orien/src/libraries/bean-matchers/src/main/java/com/google/code/beanmatchers/ValueGenerator.java" name="ValueGenerator.java">
            <metrics coveredelements="0" coveredconditionals="0" complexity="0" loc="20" coveredmethods="0" methods="0" elements="0" classes="1" ncloc="4" statements="0" conditionals="0" coveredstatements="0"/>
            <class name="ValueGenerator">
               <metrics coveredelements="0" coveredconditionals="0" complexity="0" coveredmethods="0" methods="0" elements="0" statements="0" conditionals="0" coveredstatements="0"/>
            </class>
         </file>
         <file path="/Users/orien/src/libraries/bean-matchers/src/main/java/com/google/code/beanmatchers/ValueGeneratorRepository.java" name="ValueGeneratorRepository.java">
            <metrics coveredelements="0" coveredconditionals="0" complexity="0" loc="14" coveredmethods="0" methods="0" elements="0" classes="1" ncloc="6" statements="0" conditionals="0" coveredstatements="0"/>
            <class name="ValueGeneratorRepository">
               <metrics coveredelements="0" coveredconditionals="0" complexity="0" coveredmethods="0" methods="0" elements="0" statements="0" conditionals="0" coveredstatements="0"/>
            </class>
         </file>
         <file path="/Users/orien/src/libraries/bean-matchers/src/main/java/com/google/code/beanmatchers/ValueGenerators.java" name="ValueGenerators.java">
            <metrics coveredelements="14" coveredconditionals="4" complexity="4" loc="24" coveredmethods="1" methods="2" elements="15" classes="1" ncloc="21" statements="9" conditionals="4" coveredstatements="9"/>
            <class name="ValueGenerators">
               <metrics coveredelements="14" coveredconditionals="4" complexity="4" coveredmethods="1" methods="2" elements="15" statements="9" conditionals="4" coveredstatements="9"/>
            </class>
            <line complexity="1" visibility="private" signature="ValueGenerators()" num="6" count="0" type="method"/>
            <line complexity="3" visibility="public" signature="generateTwoDistinctValues(TypeBasedValueGenerator,Class&lt;T&gt;) : DistinctValues&lt;T&gt;" num="9" count="77" type="method"/>
            <line num="11" count="77" type="stmt"/>
            <line num="12" count="77" type="stmt"/>
            <line num="13" count="77" type="stmt"/>
            <line num="14" count="77" type="stmt"/>
            <line num="15" count="217" type="stmt"/>
            <line falsecount="216" truecount="1" num="15" type="cond"/>
            <line num="16" count="1" type="stmt"/>
            <line num="19" count="216" type="stmt"/>
            <line num="20" count="216" type="stmt"/>
            <line falsecount="76" truecount="140" num="21" type="cond"/>
            <line num="22" count="76" type="stmt"/>
         </file>
      </package>
   </project>
   <testproject name="Bean Matchers 0.12" timestamp="1573293352438">
      <metrics coveredelements="1275" complexity="400" loc="3807" methods="341" classes="63" statements="938" packages="2" coveredconditionals="67" coveredmethods="311" elements="1383" ncloc="2545" files="63" conditionals="104" coveredstatements="897"/>
      <package name="com.google.code.beanmatchers">
         <metrics coveredelements="938" complexity="201" loc="2945" methods="199" classes="32" statements="741" coveredconditionals="2" coveredmethods="197" elements="942" ncloc="1889" files="32" conditionals="2" coveredstatements="739"/>
         <file path="/Users/orien/src/libraries/bean-matchers/src/test/java/com/google/code/beanmatchers/ArrayTypeBasedValueGeneratorTest.java" name="ArrayTypeBasedValueGeneratorTest.java">
            <metrics coveredelements="12" coveredconditionals="0" complexity="3" loc="54" coveredmethods="3" methods="3" elements="12" classes="1" ncloc="36" statements="9" conditionals="0" coveredstatements="9"/>
            <class name="ArrayTypeBasedValueGeneratorTest">
               <metrics coveredelements="12" complexity="3" methods="3" testruns="2" statements="9" coveredconditionals="0" coveredmethods="3" elements="12" testfailures="0" testduration="0.001" conditionals="0" coveredstatements="9" testpasses="2"/>
            </class>
            <line complexity="1" visibility="public" signature="setUp() : void" num="24" count="2" type="method"/>
            <line num="26" count="2" type="stmt"/>
            <line num="27" count="2" type="stmt"/>
            <line complexity="1" visibility="public" signature="canCreateArray() : void" num="30" testsuccess="true" count="1" testduration="0.0" type="method"/>
            <line num="33" count="1" type="stmt"/>
            <line num="36" count="1" type="stmt"/>
            <line num="39" count="1" type="stmt"/>
            <line complexity="1" visibility="public" signature="arrayShouldHaveAtLeastOneElement() : void" num="42" testsuccess="true" count="1" testduration="0.001" type="method"/>
            <line num="45" count="1" type="stmt"/>
            <line num="48" count="1" type="stmt"/>
            <line num="51" count="1" type="stmt"/>
            <line num="52" count="1" type="stmt"/>
         </file>
         <file path="/Users/orien/src/libraries/bean-matchers/src/test/java/com/google/code/beanmatchers/BeanMatchersExceptionTest.java" name="BeanMatchersExceptionTest.java">
            <metrics coveredelements="14" coveredconditionals="0" complexity="3" loc="47" coveredmethods="3" methods="3" elements="14" classes="1" ncloc="26" statements="11" conditionals="0" coveredstatements="11"/>
            <class name="BeanMatchersExceptionTest">
               <metrics coveredelements="14" complexity="3" methods="3" testruns="3" statements="11" coveredconditionals="0" coveredmethods="3" elements="14" testfailures="0" testduration="0.0" conditionals="0" coveredstatements="11" testpasses="3"/>
            </class>
            <line complexity="1" visibility="public" signature="canCreateExceptionWithMessage() : void" num="10" testsuccess="true" count="1" testduration="0.0" type="method"/>
            <line num="13" count="1" type="stmt"/>
            <line num="16" count="1" type="stmt"/>
            <line num="19" count="1" type="stmt"/>
            <line complexity="1" visibility="public" signature="canCreateExceptionWithCause() : void" num="22" testsuccess="true" count="1" testduration="0.0" type="method"/>
            <line num="25" count="1" type="stmt"/>
            <line num="28" count="1" type="stmt"/>
            <line num="31" count="1" type="stmt"/>
            <line complexity="1" visibility="public" signature="canCreateExceptionWithMessageAndCause() : void" num="34" testsuccess="true" count="1" testduration="0.0" type="method"/>
            <line num="37" count="1" type="stmt"/>
            <line num="38" count="1" type="stmt"/>
            <line num="41" count="1" type="stmt"/>
            <line num="44" count="1" type="stmt"/>
            <line num="45" count="1" type="stmt"/>
         </file>
         <file path="/Users/orien/src/libraries/bean-matchers/src/test/java/com/google/code/beanmatchers/BeanMatchersTest.java" name="BeanMatchersTest.java">
            <metrics coveredelements="39" coveredconditionals="0" complexity="19" loc="121" coveredmethods="19" methods="19" elements="39" classes="1" ncloc="99" statements="20" conditionals="0" coveredstatements="20"/>
            <class name="BeanMatchersTest">
               <metrics coveredelements="39" complexity="19" methods="19" testruns="19" statements="20" coveredconditionals="0" coveredmethods="19" elements="39" testfailures="0" testduration="0.10200000000000001" conditionals="0" coveredstatements="20" testpasses="19"/>
            </class>
            <line complexity="1" visibility="public" signature="testHasValidBeanConstructor() : void" num="26" testsuccess="true" count="1" testduration="0.0" type="method"/>
            <line num="28" count="1" type="stmt"/>
            <line complexity="1" visibility="public" signature="testBeanHasValidGettersAndSettersFor() : void" num="31" testsuccess="true" count="1" testduration="0.002" type="method"/>
            <line num="33" count="1" type="stmt"/>
            <line complexity="1" visibility="public" signature="testHasValidGettersAndSettersFor() : void" num="36" testsuccess="true" count="1" testduration="0.0" type="method"/>
            <line num="38" count="1" type="stmt"/>
            <line complexity="1" visibility="public" signature="testBeanHasValidGettersAndSettersExcluding() : void" num="41" testsuccess="true" count="1" testduration="0.001" type="method"/>
            <line num="43" count="1" type="stmt"/>
            <line complexity="1" visibility="public" signature="testHasValidGettersAndSettersExcluding() : void" num="46" testsuccess="true" count="1" testduration="0.0" type="method"/>
            <line num="48" count="1" type="stmt"/>
            <line complexity="1" visibility="public" signature="testBeanHasValidGettersAndSetters() : void" num="51" testsuccess="true" count="1" testduration="0.044" type="method"/>
            <line num="53" count="1" type="stmt"/>
            <line complexity="1" visibility="public" signature="testHasValidGettersAndSetters() : void" num="56" testsuccess="true" count="1" testduration="0.001" type="method"/>
            <line num="58" count="1" type="stmt"/>
            <line complexity="1" visibility="public" signature="testHasValidBeanHashCode() : void" num="61" testsuccess="true" count="1" testduration="0.002" type="method"/>
            <line num="63" count="1" type="stmt"/>
            <line complexity="1" visibility="public" signature="testHasValidBeanHashCodeFor() : void" num="66" testsuccess="true" count="1" testduration="0.0" type="method"/>
            <line num="68" count="1" type="stmt"/>
            <line complexity="1" visibility="public" signature="testHasValidBeanHashCodeExcluding() : void" num="71" testsuccess="true" count="1" testduration="0.001" type="method"/>
            <line num="73" count="1" type="stmt"/>
            <line complexity="1" visibility="public" signature="testHasValidBeanEquals() : void" num="76" testsuccess="true" count="1" testduration="0.015" type="method"/>
            <line num="78" count="1" type="stmt"/>
            <line complexity="1" visibility="public" signature="testHasValidBeanEqualsOnNonReflectedEquals() : void" num="81" testsuccess="true" count="1" testduration="0.001" type="method"/>
            <line num="83" count="1" type="stmt"/>
            <line complexity="1" visibility="public" signature="testHasValidBeanEqualsExcluding() : void" num="86" testsuccess="true" count="1" testduration="0.001" type="method"/>
            <line num="88" count="1" type="stmt"/>
            <line complexity="1" visibility="public" signature="testHasValidBeanEqualsFor() : void" num="91" testsuccess="true" count="1" testduration="0.001" type="method"/>
            <line num="93" count="1" type="stmt"/>
            <line complexity="1" visibility="public" signature="testHasValidBeanToString() : void" num="96" testsuccess="true" count="1" testduration="0.016" type="method"/>
            <line num="98" count="1" type="stmt"/>
            <line complexity="1" visibility="public" signature="testHasValidBeanToStringExcluding() : void" num="101" testsuccess="true" count="1" testduration="0.001" type="method"/>
            <line num="103" count="1" type="stmt"/>
            <line complexity="1" visibility="public" signature="testHasValidBeanToStringFor() : void" num="106" testsuccess="true" count="1" testduration="0.001" type="method"/>
            <line num="108" count="1" type="stmt"/>
            <line complexity="1" visibility="public" signature="shouldThrowExceptionOnBeanWithPropertyNeedingCustomValueGenerator() : void" num="111" testsuccess="true" count="1" testduration="0.014" type="method"/>
            <line num="113" count="1" type="stmt"/>
            <line complexity="1" visibility="public" signature="canRegisterCustomValueGenerator() : void" num="116" testsuccess="true" count="1" testduration="0.001" type="method"/>
            <line num="118" count="1" type="stmt"/>
            <line num="119" count="1" type="stmt"/>
         </file>
         <file path="/Users/orien/src/libraries/bean-matchers/src/test/java/com/google/code/beanmatchers/BeanOperationsTest.java" name="BeanOperationsTest.java">
            <metrics coveredelements="43" coveredconditionals="2" complexity="10" loc="119" coveredmethods="9" methods="9" elements="44" classes="1" ncloc="77" statements="33" conditionals="2" coveredstatements="32"/>
            <class name="BeanOperationsTest">
               <metrics coveredelements="43" complexity="10" methods="9" testruns="8" statements="33" coveredconditionals="2" coveredmethods="9" elements="44" testfailures="0" testduration="0.004" conditionals="2" coveredstatements="32" testpasses="8"/>
            </class>
            <line complexity="1" visibility="public" signature="canInstantiateClassUsingNoArgsConstructor() : void" num="20" testsuccess="true" count="1" testduration="0.0" type="method"/>
            <line num="23" count="1" type="stmt"/>
            <line num="26" count="1" type="stmt"/>
            <line complexity="1" visibility="public" signature="canInstantiateClassUsingPrivateNoArgsConstructor() : void" num="29" testsuccess="true" count="1" testduration="0.0" type="method"/>
            <line num="32" count="1" type="stmt"/>
            <line num="35" count="1" type="stmt"/>
            <line complexity="1" visibility="public" signature="canObtainNoArgsConstructor() : void" num="38" testsuccess="true" count="1" testduration="0.0" type="method"/>
            <line num="41" count="1" type="stmt"/>
            <line num="44" count="1" type="stmt"/>
            <line complexity="1" visibility="public" signature="canObtainPropertyDescriptorOfDefinedProperty() : void" num="47" testsuccess="true" count="1" testduration="0.004" type="method"/>
            <line num="50" count="1" type="stmt"/>
            <line num="53" count="1" type="stmt"/>
            <line num="56" count="1" type="stmt"/>
            <line complexity="1" visibility="public" signature="canUseGetterToObtainPropertyValue() : void" num="59" testsuccess="true" count="1" testduration="0.0" type="method"/>
            <line num="62" count="1" type="stmt"/>
            <line num="63" count="1" type="stmt"/>
            <line num="64" count="1" type="stmt"/>
            <line num="65" count="1" type="stmt"/>
            <line num="68" count="1" type="stmt"/>
            <line num="71" count="1" type="stmt"/>
            <line complexity="1" visibility="public" signature="shouldThrowExceptionIfGetterIsMissing() : void" num="74" testsuccess="true" count="1" testduration="0.0" type="method"/>
            <line num="77" count="1" type="stmt"/>
            <line num="78" count="1" type="stmt"/>
            <line num="79" count="1" type="stmt"/>
            <line num="80" count="1" type="stmt"/>
            <line num="83" count="1" type="stmt"/>
            <line complexity="1" visibility="public" signature="canUseSetterToSetPropertyValue() : void" num="86" testsuccess="true" count="1" testduration="0.0" type="method"/>
            <line num="89" count="1" type="stmt"/>
            <line num="90" count="1" type="stmt"/>
            <line num="91" count="1" type="stmt"/>
            <line num="94" count="1" type="stmt"/>
            <line num="97" count="1" type="stmt"/>
            <line complexity="1" visibility="public" signature="shouldThrowExceptionIfSetterIsMissing() : void" num="100" testsuccess="true" count="1" testduration="0.0" type="method"/>
            <line num="103" count="1" type="stmt"/>
            <line num="104" count="1" type="stmt"/>
            <line num="105" count="1" type="stmt"/>
            <line num="108" count="1" type="stmt"/>
[...]
            <line num="204" count="2" type="stmt"/>
            <line complexity="1" visibility="public" signature="setShortObject(Short) : void" num="207" count="10" type="method"/>
            <line num="208" count="10" type="stmt"/>
            <line complexity="1" visibility="public" signature="getShortPrimitive() : short" num="211" count="2" type="method"/>
            <line num="212" count="2" type="stmt"/>
            <line complexity="1" visibility="public" signature="setShortPrimitive(short) : void" num="215" count="8" type="method"/>
            <line num="216" count="8" type="stmt"/>
            <line complexity="1" visibility="public" signature="hashCode() : int" num="219" count="118" type="method"/>
            <line num="221" count="118" type="stmt"/>
            <line complexity="1" visibility="public" signature="equals(Object) : boolean" num="224" count="79" type="method"/>
            <line num="226" count="79" type="stmt"/>
            <line complexity="1" visibility="public" signature="toString() : String" num="229" count="24" type="method"/>
            <line num="231" count="24" type="stmt"/>
         </file>
         <file path="/Users/orien/src/libraries/bean-matchers/src/test/java/com/google/code/beanmatchers/data/TestBeanWithMissingGetter.java" name="TestBeanWithMissingGetter.java">
            <metrics coveredelements="2" coveredconditionals="0" complexity="3" loc="19" coveredmethods="1" methods="3" elements="6" classes="1" ncloc="14" statements="3" conditionals="0" coveredstatements="1"/>
            <class name="TestBeanWithMissingGetter">
               <metrics coveredelements="2" coveredconditionals="0" complexity="3" coveredmethods="1" methods="3" elements="6" statements="3" conditionals="0" coveredstatements="1"/>
            </class>
            <line complexity="1" visibility="public" signature="getGoodField() : Object" num="8" count="0" type="method"/>
            <line num="9" count="0" type="stmt"/>
            <line complexity="1" visibility="public" signature="setGoodField(Object) : void" num="12" count="0" type="method"/>
            <line num="13" count="0" type="stmt"/>
            <line complexity="1" visibility="public" signature="setBadField(Object) : void" num="16" count="2" type="method"/>
            <line num="17" count="2" type="stmt"/>
         </file>
         <file path="/Users/orien/src/libraries/bean-matchers/src/test/java/com/google/code/beanmatchers/data/TestBeanWithMissingSetter.java" name="TestBeanWithMissingSetter.java">
            <metrics coveredelements="0" coveredconditionals="0" complexity="3" loc="19" coveredmethods="0" methods="3" elements="6" classes="1" ncloc="14" statements="3" conditionals="0" coveredstatements="0"/>
            <class name="TestBeanWithMissingSetter">
               <metrics coveredelements="0" coveredconditionals="0" complexity="3" coveredmethods="0" methods="3" elements="6" statements="3" conditionals="0" coveredstatements="0"/>
            </class>
            <line complexity="1" visibility="public" signature="getGoodField() : Object" num="8" count="0" type="method"/>
            <line num="9" count="0" type="stmt"/>
            <line complexity="1" visibility="public" signature="setGoodField(Object) : void" num="12" count="0" type="method"/>
            <line num="13" count="0" type="stmt"/>
            <line complexity="1" visibility="public" signature="getBadField() : Object" num="16" count="0" type="method"/>
            <line num="17" count="0" type="stmt"/>
         </file>
         <file path="/Users/orien/src/libraries/bean-matchers/src/test/java/com/google/code/beanmatchers/data/TestBeanWithOneProperty.java" name="TestBeanWithOneProperty.java">
            <metrics coveredelements="27" coveredconditionals="10" complexity="11" loc="36" coveredmethods="5" methods="5" elements="27" classes="1" ncloc="26" statements="12" conditionals="10" coveredstatements="12"/>
            <class name="TestBeanWithOneProperty">
               <metrics coveredelements="27" coveredconditionals="10" complexity="11" coveredmethods="5" methods="5" elements="27" statements="12" conditionals="10" coveredstatements="12"/>
            </class>
            <line complexity="1" visibility="public" signature="getField1() : Object" num="7" count="8" type="method"/>
            <line num="8" count="8" type="stmt"/>
            <line complexity="1" visibility="public" signature="setField1(Object) : void" num="11" count="30" type="method"/>
            <line num="12" count="30" type="stmt"/>
            <line complexity="6" visibility="public" signature="equals(Object) : boolean" num="15" count="18" type="method"/>
            <line num="17" count="18" type="stmt"/>
            <line num="17" count="3" type="stmt"/>
            <line falsecount="15" truecount="3" num="17" type="cond"/>
            <line num="18" count="15" type="stmt"/>
            <line num="18" count="4" type="stmt"/>
            <line falsecount="11" truecount="4" num="18" type="cond"/>
            <line num="20" count="11" type="stmt"/>
            <line num="22" count="11" type="stmt"/>
            <line num="22" count="8" type="stmt"/>
            <line falsecount="2" truecount="9" num="22" type="cond"/>
            <line falsecount="3" truecount="8" num="22" type="cond"/>
            <line num="24" count="3" type="stmt"/>
            <line complexity="2" visibility="public" signature="hashCode() : int" num="27" count="6" type="method"/>
            <line num="29" count="6" type="stmt"/>
            <line falsecount="2" truecount="4" num="29" type="cond"/>
            <line complexity="1" visibility="public" signature="toString() : String" num="32" count="9" type="method"/>
            <line num="34" count="9" type="stmt"/>
         </file>
         <file path="/Users/orien/src/libraries/bean-matchers/src/test/java/com/google/code/beanmatchers/data/TestBeanWithPrivateConstructor.java" name="TestBeanWithPrivateConstructor.java">
            <metrics coveredelements="1" coveredconditionals="0" complexity="1" loc="6" coveredmethods="1" methods="1" elements="1" classes="1" ncloc="5" statements="0" conditionals="0" coveredstatements="0"/>
            <class name="TestBeanWithPrivateConstructor">
               <metrics coveredelements="1" coveredconditionals="0" complexity="1" coveredmethods="1" methods="1" elements="1" statements="0" conditionals="0" coveredstatements="0"/>
            </class>
            <line complexity="1" visibility="private" signature="TestBeanWithPrivateConstructor()" num="4" count="1" type="method"/>
         </file>
         <file path="/Users/orien/src/libraries/bean-matchers/src/test/java/com/google/code/beanmatchers/data/TestBeanWithPropertyNeedingCustomGenerator.java" name="TestBeanWithPropertyNeedingCustomGenerator.java">
            <metrics coveredelements="4" coveredconditionals="0" complexity="2" loc="14" coveredmethods="2" methods="2" elements="4" classes="1" ncloc="10" statements="2" conditionals="0" coveredstatements="2"/>
            <class name="TestBeanWithPropertyNeedingCustomGenerator">
               <metrics coveredelements="4" coveredconditionals="0" complexity="2" coveredmethods="2" methods="2" elements="4" statements="2" conditionals="0" coveredstatements="2"/>
            </class>
            <line complexity="1" visibility="public" signature="getObjectNeedingCustomValueGenerator() : ObjectNeedingCustomValueGenerator" num="7" count="1" type="method"/>
            <line num="8" count="1" type="stmt"/>
            <line complexity="1" visibility="public" signature="setObjectNeedingCustomValueGenerator(ObjectNeedingCustomValueGenerator) : void" num="11" count="1" type="method"/>
            <line num="12" count="1" type="stmt"/>
         </file>
         <file path="/Users/orien/src/libraries/bean-matchers/src/test/java/com/google/code/beanmatchers/data/TestBeanWithPropertyThatDoesNotInfluenceEquals.java" name="TestBeanWithPropertyThatDoesNotInfluenceEquals.java">
            <metrics coveredelements="19" coveredconditionals="6" complexity="10" loc="41" coveredmethods="3" methods="6" elements="25" classes="1" ncloc="29" statements="13" conditionals="6" coveredstatements="10"/>
            <class name="TestBeanWithPropertyThatDoesNotInfluenceEquals">
               <metrics coveredelements="19" coveredconditionals="6" complexity="10" coveredmethods="3" methods="6" elements="25" statements="13" conditionals="6" coveredstatements="10"/>
            </class>
            <line complexity="1" visibility="public" signature="getPropertyNotComparedInEquals() : Object" num="9" count="0" type="method"/>
            <line num="10" count="0" type="stmt"/>
            <line complexity="1" visibility="public" signature="setPropertyNotComparedInEquals(Object) : void" num="13" count="12" type="method"/>
            <line num="14" count="12" type="stmt"/>
            <line complexity="1" visibility="public" signature="getPropertyComparedInEquals() : Object" num="17" count="0" type="method"/>
            <line num="18" count="0" type="stmt"/>
            <line complexity="1" visibility="public" signature="setPropertyComparedInEquals(Object) : void" num="21" count="30" type="method"/>
            <line num="22" count="30" type="stmt"/>
            <line complexity="5" visibility="public" signature="equals(Object) : boolean" num="25" count="52" type="method"/>
            <line num="27" count="52" type="stmt"/>
            <line num="27" count="8" type="stmt"/>
            <line falsecount="44" truecount="8" num="27" type="cond"/>
            <line num="28" count="44" type="stmt"/>
            <line num="28" count="16" type="stmt"/>
            <line falsecount="28" truecount="16" num="28" type="cond"/>
            <line num="30" count="28" type="stmt"/>
            <line num="32" count="28" type="stmt"/>
            <line num="32" count="18" type="stmt"/>
            <line falsecount="10" truecount="18" num="32" type="cond"/>
            <line num="34" count="10" type="stmt"/>
            <line complexity="1" visibility="public" signature="hashCode() : int" num="37" count="0" type="method"/>
            <line num="39" count="0" type="stmt"/>
         </file>
         <file path="/Users/orien/src/libraries/bean-matchers/src/test/java/com/google/code/beanmatchers/data/TestBeanWithPropertyThatDoesNotInfluenceHashCode.java" name="TestBeanWithPropertyThatDoesNotInfluenceHashCode.java">
            <metrics coveredelements="4" coveredconditionals="0" complexity="3" loc="19" coveredmethods="2" methods="3" elements="6" classes="1" ncloc="14" statements="3" conditionals="0" coveredstatements="2"/>
            <class name="TestBeanWithPropertyThatDoesNotInfluenceHashCode">
               <metrics coveredelements="4" coveredconditionals="0" complexity="3" coveredmethods="2" methods="3" elements="6" statements="3" conditionals="0" coveredstatements="2"/>
            </class>
            <line complexity="1" visibility="public" signature="getProperty() : Object" num="7" count="0" type="method"/>
            <line num="8" count="0" type="stmt"/>
            <line complexity="1" visibility="public" signature="setProperty(Object) : void" num="11" count="8" type="method"/>
            <line num="12" count="8" type="stmt"/>
            <line complexity="1" visibility="public" signature="hashCode() : int" num="15" count="8" type="method"/>
            <line num="17" count="8" type="stmt"/>
         </file>
         <file path="/Users/orien/src/libraries/bean-matchers/src/test/java/com/google/code/beanmatchers/data/TestBeanWithToStringMissingArrayPropertyValue.java" name="TestBeanWithToStringMissingArrayPropertyValue.java">
            <metrics coveredelements="4" coveredconditionals="0" complexity="3" loc="18" coveredmethods="2" methods="3" elements="6" classes="1" ncloc="14" statements="3" conditionals="0" coveredstatements="2"/>
            <class name="TestBeanWithToStringMissingArrayPropertyValue">
               <metrics coveredelements="4" coveredconditionals="0" complexity="3" coveredmethods="2" methods="3" elements="6" statements="3" conditionals="0" coveredstatements="2"/>
            </class>
            <line complexity="1" visibility="public" signature="getArrayPropertyValueMissingInToString() : String[]" num="6" count="0" type="method"/>
            <line num="7" count="0" type="stmt"/>
            <line complexity="1" visibility="public" signature="setArrayPropertyValueMissingInToString(String[]) : void" num="10" count="2" type="method"/>
            <line num="11" count="2" type="stmt"/>
            <line complexity="1" visibility="public" signature="toString() : String" num="14" count="4" type="method"/>
            <line num="16" count="4" type="stmt"/>
         </file>
         <file path="/Users/orien/src/libraries/bean-matchers/src/test/java/com/google/code/beanmatchers/data/TestBeanWithToStringMissingClassName.java" name="TestBeanWithToStringMissingClassName.java">
            <metrics coveredelements="2" coveredconditionals="0" complexity="3" loc="18" coveredmethods="1" methods="3" elements="6" classes="1" ncloc="14" statements="3" conditionals="0" coveredstatements="1"/>
            <class name="TestBeanWithToStringMissingClassName">
               <metrics coveredelements="2" coveredconditionals="0" complexity="3" coveredmethods="1" methods="3" elements="6" statements="3" conditionals="0" coveredstatements="1"/>
            </class>
            <line complexity="1" visibility="public" signature="getProperty() : Object" num="6" count="0" type="method"/>
            <line num="7" count="0" type="stmt"/>
            <line complexity="1" visibility="public" signature="setProperty(Object) : void" num="10" count="0" type="method"/>
            <line num="11" count="0" type="stmt"/>
            <line complexity="1" visibility="public" signature="toString() : String" num="14" count="4" type="method"/>
            <line num="16" count="4" type="stmt"/>
         </file>
         <file path="/Users/orien/src/libraries/bean-matchers/src/test/java/com/google/code/beanmatchers/data/TestBeanWithToStringMissingPropertyName.java" name="TestBeanWithToStringMissingPropertyName.java">
            <metrics coveredelements="4" coveredconditionals="0" complexity="3" loc="18" coveredmethods="2" methods="3" elements="6" classes="1" ncloc="14" statements="3" conditionals="0" coveredstatements="2"/>
            <class name="TestBeanWithToStringMissingPropertyName">
               <metrics coveredelements="4" coveredconditionals="0" complexity="3" coveredmethods="2" methods="3" elements="6" statements="3" conditionals="0" coveredstatements="2"/>
            </class>
            <line complexity="1" visibility="public" signature="getPropertyNameMissingInToString() : Object" num="6" count="0" type="method"/>
            <line num="7" count="0" type="stmt"/>
            <line complexity="1" visibility="public" signature="setPropertyNameMissingInToString(Object) : void" num="10" count="4" type="method"/>
            <line num="11" count="4" type="stmt"/>
            <line complexity="1" visibility="public" signature="toString() : String" num="14" count="10" type="method"/>
            <line num="16" count="10" type="stmt"/>
         </file>
         <file path="/Users/orien/src/libraries/bean-matchers/src/test/java/com/google/code/beanmatchers/data/TestBeanWithToStringMissingPropertyValue.java" name="TestBeanWithToStringMissingPropertyValue.java">
            <metrics coveredelements="4" coveredconditionals="0" complexity="3" loc="18" coveredmethods="2" methods="3" elements="6" classes="1" ncloc="14" statements="3" conditionals="0" coveredstatements="2"/>
            <class name="TestBeanWithToStringMissingPropertyValue">
               <metrics coveredelements="4" coveredconditionals="0" complexity="3" coveredmethods="2" methods="3" elements="6" statements="3" conditionals="0" coveredstatements="2"/>
            </class>
            <line complexity="1" visibility="public" signature="getPropertyValueMissingInToString() : Object" num="6" count="0" type="method"/>
            <line num="7" count="0" type="stmt"/>
            <line complexity="1" visibility="public" signature="setPropertyValueMissingInToString(Object) : void" num="10" count="4" type="method"/>
            <line num="11" count="4" type="stmt"/>
            <line complexity="1" visibility="public" signature="toString() : String" num="14" count="12" type="method"/>
            <line num="16" count="12" type="stmt"/>
         </file>
         <file path="/Users/orien/src/libraries/bean-matchers/src/test/java/com/google/code/beanmatchers/data/TestBeanWithTwoPropertiesAndNonReflectedEquals.java" name="TestBeanWithTwoPropertiesAndNonReflectedEquals.java">
            <metrics coveredelements="23" coveredconditionals="6" complexity="8" loc="43" coveredmethods="5" methods="5" elements="23" classes="1" ncloc="35" statements="12" conditionals="6" coveredstatements="12"/>
            <class name="TestBeanWithTwoPropertiesAndNonReflectedEquals">
               <metrics coveredelements="23" coveredconditionals="6" complexity="8" coveredmethods="5" methods="5" elements="23" statements="12" conditionals="6" coveredstatements="12"/>
            </class>
            <line complexity="4" visibility="public" signature="equals(Object) : boolean" num="9" count="11" type="method"/>
            <line num="11" count="11" type="stmt"/>
            <line falsecount="10" truecount="1" num="11" type="cond"/>
            <line num="12" count="1" type="stmt"/>
            <line num="14" count="10" type="stmt"/>
            <line falsecount="9" truecount="1" num="14" type="cond"/>
            <line num="15" count="1" type="stmt"/>
            <line num="17" count="9" type="stmt"/>
            <line falsecount="8" truecount="1" num="17" type="cond"/>
            <line num="18" count="1" type="stmt"/>
            <line num="20" count="8" type="stmt"/>
            <line num="21" count="8" type="stmt"/>
            <line complexity="1" visibility="public" signature="getField1() : Long" num="27" count="16" type="method"/>
            <line num="28" count="16" type="stmt"/>
            <line complexity="1" visibility="public" signature="setField1(Long) : void" num="31" count="5" type="method"/>
            <line num="32" count="5" type="stmt"/>
            <line complexity="1" visibility="public" signature="getField2() : Long" num="35" count="16" type="method"/>
            <line num="36" count="16" type="stmt"/>
            <line complexity="1" visibility="public" signature="setField2(Long) : void" num="39" count="5" type="method"/>
            <line num="40" count="5" type="stmt"/>
         </file>
         <file path="/Users/orien/src/libraries/bean-matchers/src/test/java/com/google/code/beanmatchers/data/TestBeanWithoutNoArgsConstructor.java" name="TestBeanWithoutNoArgsConstructor.java">
            <metrics coveredelements="0" coveredconditionals="0" complexity="3" loc="17" coveredmethods="0" methods="3" elements="5" classes="1" ncloc="12" statements="2" conditionals="0" coveredstatements="0"/>
            <class name="TestBeanWithoutNoArgsConstructor">
               <metrics coveredelements="0" coveredconditionals="0" complexity="3" coveredmethods="0" methods="3" elements="5" statements="2" conditionals="0" coveredstatements="0"/>
            </class>
            <line complexity="1" visibility="public" signature="TestBeanWithoutNoArgsConstructor(boolean)" num="7" count="0" type="method"/>
            <line complexity="1" visibility="public" signature="isBooleanProperty() : boolean" num="10" count="0" type="method"/>
            <line num="11" count="0" type="stmt"/>
            <line complexity="1" visibility="public" signature="setBooleanProperty(boolean) : void" num="14" count="0" type="method"/>
            <line num="15" count="0" type="stmt"/>
         </file>
      </package>
   </testproject>
</coverage>