<?xml version="1.0" encoding="UTF-8"?>
<coverage generated="1475307706018" clover="4.1.1">
   <project timestamp="1475307678852" name="Bean Matchers 0.10">
      <metrics conditionals="58" methods="127" classes="39" files="38" packages="1" coveredstatements="318" complexity="166" loc="1198" ncloc="933" coveredmethods="124" coveredconditionals="58" statements="323" coveredelements="500" elements="508"/>
      <package name="com.google.code.beanmatchers">
         <metrics classes="39" methods="127" conditionals="58" files="38" ncloc="933" coveredstatements="318" coveredmethods="124" complexity="166" coveredconditionals="58" statements="323" loc="1198" coveredelements="500" elements="508"/>
         <file name="AbstractBeanAccessorMatcher.java" path="/Users/orien/src/bean-matchers/src/main/java/com/google/code/beanmatchers/AbstractBeanAccessorMatcher.java">
            <metrics classes="1" methods="3" conditionals="2" ncloc="34" coveredstatements="13" coveredmethods="3" complexity="5" coveredconditionals="2" statements="13" loc="40" coveredelements="18" elements="18"/>
            <class name="AbstractBeanAccessorMatcher">
               <metrics methods="3" conditionals="2" coveredstatements="13" coveredmethods="3" complexity="5" coveredconditionals="2" statements="13" coveredelements="18" elements="18"/>
            </class>
            <line num="11" count="22" visibility="package" complexity="1" type="method" signature="AbstractBeanAccessorMatcher(TypeBasedValueGenerator)"/>
            <line num="12" count="22" type="stmt"/>
            <line num="15" count="19" visibility="protected" complexity="2" type="method" signature="beanHasValidGetterAndSetterForProperties(JavaBean,List&lt;String&gt;,Description) : boolean"/>
            <line num="16" count="19" type="stmt"/>
            <line num="17" count="66" type="stmt"/>
            <line num="17" falsecount="57" type="cond" truecount="8"/>
            <line num="18" count="8" type="stmt"/>
            <line num="23" count="8" type="stmt"/>
            <line num="26" count="10" type="stmt"/>
            <line num="29" count="66" visibility="protected" complexity="2" type="method" signature="beanDoesNotHaveValidGetterAndSetterForProperty(JavaBean,String) : boolean"/>
            <line num="30" count="66" type="stmt"/>
            <line num="31" count="66" type="stmt"/>
            <line num="32" count="66" type="stmt"/>
            <line num="33" count="65" type="stmt"/>
            <line num="34" count="64" type="stmt"/>
            <line num="35" count="63" type="stmt"/>
            <line num="37" count="2" type="stmt"/>
         </file>
         <file name="AbstractBeanEqualsMatcher.java" path="/Users/orien/src/bean-matchers/src/main/java/com/google/code/beanmatchers/AbstractBeanEqualsMatcher.java">
            <metrics classes="2" methods="10" conditionals="12" ncloc="89" coveredstatements="49" coveredmethods="10" complexity="18" coveredconditionals="12" statements="49" loc="104" coveredelements="71" elements="71"/>
            <class name="AbstractBeanEqualsMatcher">
               <metrics methods="10" conditionals="12" coveredstatements="49" coveredmethods="10" complexity="18" coveredconditionals="12" statements="49" coveredelements="71" elements="71"/>
            </class>
            <class name="AbstractBeanEqualsMatcher.TestType">
               <metrics methods="0" conditionals="0" coveredstatements="0" coveredmethods="0" complexity="0" coveredconditionals="0" statements="0" coveredelements="0" elements="0"/>
            </class>
            <line num="13" count="37" visibility="package" complexity="1" type="method" signature="AbstractBeanEqualsMatcher(TypeBasedValueGenerator)"/>
            <line num="14" count="37" type="stmt"/>
            <line num="17" count="34" visibility="protected" complexity="6" type="method" signature="isValidBeanEquals(Class&lt;T&gt;,List&lt;String&gt;,Description) : boolean"/>
            <line num="18" count="34" type="stmt"/>
            <line num="18" falsecount="30" type="cond" truecount="4"/>
            <line num="19" count="4" type="stmt"/>
            <line num="20" count="4" type="stmt"/>
            <line num="22" count="30" type="stmt"/>
            <line num="22" falsecount="24" type="cond" truecount="6"/>
            <line num="23" count="6" type="stmt"/>
            <line num="24" count="6" type="stmt"/>
            <line num="26" count="24" type="stmt"/>
            <line num="26" falsecount="20" type="cond" truecount="4"/>
            <line num="27" count="4" type="stmt"/>
            <line num="28" count="4" type="stmt"/>
            <line num="30" count="20" type="stmt"/>
            <line num="31" count="45" type="stmt"/>
            <line num="31" falsecount="39" type="cond" truecount="6"/>
            <line num="32" count="6" type="stmt"/>
            <line num="33" count="6" type="stmt"/>
            <line num="35" count="39" type="stmt"/>
            <line num="35" falsecount="33" type="cond" truecount="6"/>
            <line num="36" count="6" type="stmt"/>
            <line num="37" count="6" type="stmt"/>
            <line num="40" count="8" type="stmt"/>
            <line num="43" count="14" visibility="private" complexity="1" type="method" signature="describeMismatch(Class&lt;T&gt;,Description,String) : void"/>
            <line num="44" count="14" type="stmt"/>
            <line num="47" count="12" visibility="private" complexity="1" type="method" signature="describePropertyMismatch(Class&lt;T&gt;,String,Description,String) : void"/>
            <line num="48" count="12" type="stmt"/>
            <line num="51" count="26" visibility="private" complexity="1" type="method" signature="describeBean(Class&lt;T&gt;,Description) : Description"/>
            <line num="52" count="26" type="stmt"/>
            <line num="55" count="34" visibility="private" complexity="1" type="method" signature="equalsDoesNotHandleSameInstance(Class&lt;T&gt;) : boolean"/>
            <line num="56" count="34" type="stmt"/>
            <line num="57" count="34" type="stmt"/>
            <line num="60" count="30" visibility="private" complexity="2" type="method" signature="equalsDoesNotHandleNullValue(Class&lt;T&gt;) : boolean"/>
            <line num="61" count="30" type="stmt"/>
            <line num="62" count="30" type="stmt"/>
            <line num="63" count="30" type="stmt"/>
            <line num="65" count="2" type="stmt"/>
            <line num="69" count="24" visibility="private" complexity="1" type="method" signature="equalsDoesNotHandleDifferingType(Class&lt;T&gt;) : boolean"/>
            <line num="70" count="24" type="stmt"/>
            <line num="71" count="24" type="stmt"/>
            <line num="74" count="45" visibility="private" complexity="1" type="method" signature="propertyNotComparedDuringEquals(Class&lt;T&gt;,String) : boolean"/>
            <line num="75" count="45" type="stmt"/>
            <line num="76" count="45" type="stmt"/>
            <line num="77" count="45" type="stmt"/>
            <line num="78" count="45" type="stmt"/>
            <line num="79" count="45" type="stmt"/>
            <line num="80" count="45" type="stmt"/>
            <line num="81" count="45" type="stmt"/>
            <line num="82" count="45" type="stmt"/>
            <line num="83" count="45" type="stmt"/>
            <line num="86" count="39" visibility="private" complexity="3" type="method" signature="nullPropertyNotHandled(Class&lt;T&gt;,String) : boolean"/>
            <line num="87" count="39" type="stmt"/>
            <line num="88" count="39" type="stmt"/>
            <line num="89" count="39" type="stmt"/>
            <line num="89" falsecount="31" type="cond" truecount="8"/>
            <line num="90" count="8" type="stmt"/>
            <line num="92" count="31" type="stmt"/>
            <line num="93" count="31" type="stmt"/>
            <line num="94" count="31" type="stmt"/>
            <line num="95" count="31" type="stmt"/>
            <line num="96" count="31" type="stmt"/>
            <line num="97" count="31" type="stmt"/>
            <line num="99" count="6" type="stmt"/>
         </file>
         <file name="AbstractBeanHashCodeMatcher.java" path="/Users/orien/src/bean-matchers/src/main/java/com/google/code/beanmatchers/AbstractBeanHashCodeMatcher.java">
            <metrics classes="1" methods="3" conditionals="2" ncloc="33" coveredstatements="13" coveredmethods="3" complexity="4" coveredconditionals="2" statements="13" loc="40" coveredelements="18" elements="18"/>
            <class name="AbstractBeanHashCodeMatcher">
               <metrics methods="3" conditionals="2" coveredstatements="13" coveredmethods="3" complexity="4" coveredconditionals="2" statements="13" coveredelements="18" elements="18"/>
            </class>
            <line num="13" count="14" visibility="package" complexity="1" type="method" signature="AbstractBeanHashCodeMatcher(TypeBasedValueGenerator)"/>
            <line num="14" count="14" type="stmt"/>
            <line num="17" count="11" visibility="protected" complexity="2" type="method" signature="hashCodeIsInfluencedByProperties(JavaBean,List&lt;String&gt;,Description) : boolean"/>
            <line num="18" count="11" type="stmt"/>
            <line num="19" count="29" type="stmt"/>
            <line num="19" falsecount="25" type="cond" truecount="4"/>
            <line num="20" count="4" type="stmt"/>
            <line num="25" count="4" type="stmt"/>
            <line num="28" count="7" type="stmt"/>
            <line num="31" count="29" visibility="private" complexity="1" type="method" signature="hashCodeNotInfluencedByProperty(JavaBean,String) : boolean"/>
            <line num="32" count="29" type="stmt"/>
            <line num="33" count="29" type="stmt"/>
            <line num="34" count="29" type="stmt"/>
            <line num="35" count="29" type="stmt"/>
            <line num="36" count="29" type="stmt"/>
            <line num="37" count="29" type="stmt"/>
            <line num="38" count="29" type="stmt"/>
         </file>
         <file name="AbstractBeanToStringMatcher.java" path="/Users/orien/src/bean-matchers/src/main/java/com/google/code/beanmatchers/AbstractBeanToStringMatcher.java">
            <metrics classes="1" methods="4" conditionals="12" ncloc="61" coveredstatements="24" coveredmethods="4" complexity="10" coveredconditionals="12" statements="24" loc="68" coveredelements="40" elements="40"/>
            <class name="AbstractBeanToStringMatcher">
               <metrics methods="4" conditionals="12" coveredstatements="24" coveredmethods="4" complexity="10" coveredconditionals="12" statements="24" coveredelements="40" elements="40"/>
            </class>
            <line num="12" count="26" visibility="package" complexity="1" type="method" signature="AbstractBeanToStringMatcher(TypeBasedValueGenerator)"/>
            <line num="13" count="26" type="stmt"/>
            <line num="16" count="23" visibility="protected" complexity="4" type="method" signature="toStringDescribesProperties(Class,List&lt;String&gt;,Description) : boolean"/>
            <line num="17" count="23" type="stmt"/>
            <line num="18" count="23" type="stmt"/>
            <line num="18" falsecount="19" type="cond" truecount="4"/>
            <line num="19" count="4" type="stmt"/>
            <line num="22" count="4" type="stmt"/>
            <line num="24" count="19" type="stmt"/>
            <line num="25" count="35" type="stmt"/>
            <line num="26" count="35" type="stmt"/>
            <line num="27" count="35" type="stmt"/>
            <line num="28" count="35" type="stmt"/>
            <line num="29" count="35" type="stmt"/>
            <line num="29" falsecount="31" type="cond" truecount="4"/>
            <line num="30" count="4" type="stmt"/>
            <line num="35" count="4" type="stmt"/>
            <line num="37" count="31" type="stmt"/>
            <line num="37" falsecount="25" type="cond" truecount="6"/>
            <line num="38" count="6" type="stmt"/>
            <line num="43" count="6" type="stmt"/>
            <line num="46" count="9" type="stmt"/>
            <line num="49" count="42" visibility="private" complexity="4" type="method" signature="resultDoesNotContainValue(String,Object) : boolean"/>
            <line num="50" count="42" type="stmt"/>
            <line num="50" falsecount="37" type="cond" truecount="5"/>
            <line num="51" count="5" type="stmt"/>
            <line num="51" falsecount="3" type="cond" truecount="11"/>
            <line num="52" count="11" type="stmt"/>
            <line num="52" falsecount="9" type="cond" truecount="2"/>
            <line num="53" count="2" type="stmt"/>
            <line num="56" count="3" type="stmt"/>
            <line num="58" count="37" type="stmt"/>
            <line num="62" count="14" visibility="private" complexity="1" type="method" signature="describeToStringMismatch(Class,Description) : Description"/>
            <line num="63" count="14" type="stmt"/>
         </file>
         <file name="AccessorMissingException.java" path="/Users/orien/src/bean-matchers/src/main/java/com/google/code/beanmatchers/AccessorMissingException.java">
            <metrics classes="1" methods="1" conditionals="0" ncloc="6" coveredstatements="1" coveredmethods="1" complexity="1" coveredconditionals="0" statements="1" loc="8" coveredelements="2" elements="2"/>
            <class name="AccessorMissingException">
               <metrics methods="1" conditionals="0" coveredstatements="1" coveredmethods="1" complexity="1" coveredconditionals="0" statements="1" coveredelements="2" elements="2"/>
            </class>
            <line num="5" count="4" visibility="public" complexity="1" type="method" signature="AccessorMissingException(String)"/>
            <line num="6" count="4" type="stmt"/>
         </file>
         <file name="ArrayTypeBasedValueGenerator.java" path="/Users/orien/src/bean-matchers/src/main/java/com/google/code/beanmatchers/ArrayTypeBasedValueGenerator.java">
            <metrics classes="1" methods="2" conditionals="2" ncloc="16" coveredstatements="5" coveredmethods="2" complexity="3" coveredconditionals="2" statements="5" loc="21" coveredelements="9" elements="9"/>
            <class name="ArrayTypeBasedValueGenerator">
               <metrics methods="2" conditionals="2" coveredstatements="5" coveredmethods="2" complexity="3" coveredconditionals="2" statements="5" coveredelements="9" elements="9"/>
            </class>
            <line num="10" count="26" visibility="public" complexity="2" type="method" signature="generate(Class&lt;T&gt;) : T"/>
            <line num="11" count="26" type="stmt"/>
            <line num="12" count="26" type="stmt"/>
            <line num="12" falsecount="26" type="cond" truecount="78"/>
            <line num="13" count="78" type="stmt"/>
            <line num="15" count="26" type="stmt"/>
            <line num="18" count="3" visibility="public" complexity="1" type="method" signature="setTypeBaseValueGenerator(TypeBasedValueGenerator) : void"/>
            <line num="19" count="3" type="stmt"/>
         </file>
         <file name="BeanMatchers.java" path="/Users/orien/src/bean-matchers/src/main/java/com/google/code/beanmatchers/BeanMatchers.java">
            <metrics classes="1" methods="19" conditionals="0" ncloc="93" coveredstatements="31" coveredmethods="18" complexity="19" coveredconditionals="0" statements="31" loc="116" coveredelements="49" elements="50"/>
            <class name="BeanMatchers">
               <metrics methods="19" conditionals="0" coveredstatements="31" coveredmethods="18" complexity="19" coveredconditionals="0" statements="31" coveredelements="49" elements="50"/>
            </class>
            <line num="13" count="1" visibility="package" complexity="1" type="method" signature="&lt;clinit&gt;, line 13()"/>
            <line num="14" count="1" type="stmt"/>
            <line num="15" count="1" type="stmt"/>
            <line num="16" count="1" type="stmt"/>
            <line num="17" count="1" type="stmt"/>
            <line num="18" count="1" type="stmt"/>
            <line num="19" count="1" type="stmt"/>
            <line num="20" count="1" type="stmt"/>
            <line num="21" count="1" type="stmt"/>
            <line num="22" count="1" type="stmt"/>
            <line num="23" count="1" type="stmt"/>
            <line num="24" count="1" type="stmt"/>
            <line num="25" count="1" type="stmt"/>
            <line num="26" count="1" type="stmt"/>
            <line num="28" count="1" type="stmt"/>
            <line num="31" count="0" visibility="private" complexity="1" type="method" signature="BeanMatchers()"/>
            <line num="33" count="1" visibility="public" complexity="1" type="method" signature="hasValidGettersAndSettersFor(String) : Matcher&lt;Class&gt;"/>
            <line num="35" count="1" type="stmt"/>
            <line num="38" count="2" visibility="public" complexity="1" type="method" signature="isABeanWithValidGettersAndSettersFor(String) : Matcher&lt;T&gt;"/>
            <line num="40" count="2" type="stmt"/>
            <line num="43" count="2" visibility="public" complexity="1" type="method" signature="hasValidGettersAndSettersExcluding(String) : Matcher&lt;Class&gt;"/>
            <line num="45" count="2" type="stmt"/>
            <line num="48" count="6" visibility="public" complexity="1" type="method" signature="isABeanWithValidGettersAndSettersExcluding(String) : Matcher&lt;T&gt;"/>
            <line num="50" count="6" type="stmt"/>
            <line num="53" count="1" visibility="public" complexity="1" type="method" signature="hasValidGettersAndSetters() : Matcher&lt;Class&gt;"/>
            <line num="55" count="1" type="stmt"/>
            <line num="58" count="3" visibility="public" complexity="1" type="method" signature="isABeanWithValidGettersAndSetters() : Matcher&lt;T&gt;"/>
            <line num="60" count="3" type="stmt"/>
            <line num="63" count="1" visibility="public" complexity="1" type="method" signature="hasValidBeanConstructor() : Matcher&lt;Class&gt;"/>
            <line num="65" count="1" type="stmt"/>
            <line num="68" count="1" visibility="public" complexity="1" type="method" signature="hasValidBeanHashCode() : Matcher&lt;Class&gt;"/>
            <line num="70" count="1" type="stmt"/>
            <line num="73" count="1" visibility="public" complexity="1" type="method" signature="hasValidBeanHashCodeFor(String) : Matcher&lt;Class&gt;"/>
            <line num="75" count="1" type="stmt"/>
            <line num="78" count="1" visibility="public" complexity="1" type="method" signature="hasValidBeanHashCodeExcluding(String) : Matcher&lt;Class&gt;"/>
            <line num="80" count="1" type="stmt"/>
            <line num="83" count="1" visibility="public" complexity="1" type="method" signature="hasValidBeanEquals() : Matcher&lt;Class&gt;"/>
            <line num="85" count="1" type="stmt"/>
            <line num="88" count="2" visibility="public" complexity="1" type="method" signature="hasValidBeanEqualsFor(String) : Matcher&lt;Class&gt;"/>
            <line num="90" count="2" type="stmt"/>
            <line num="93" count="1" visibility="public" complexity="1" type="method" signature="hasValidBeanEqualsExcluding(String) : Matcher&lt;Class&gt;"/>
            <line num="95" count="1" type="stmt"/>
            <line num="98" count="1" visibility="public" complexity="1" type="method" signature="hasValidBeanToString() : Matcher&lt;Class&gt;"/>
            <line num="100" count="1" type="stmt"/>
            <line num="103" count="1" visibility="public" complexity="1" type="method" signature="hasValidBeanToStringFor(String) : Matcher&lt;Class&gt;"/>
            <line num="105" count="1" type="stmt"/>
            <line num="108" count="1" visibility="public" complexity="1" type="method" signature="hasValidBeanToStringExcluding(String) : Matcher&lt;Class&gt;"/>
            <line num="110" count="1" type="stmt"/>
            <line num="113" count="1" visibility="public" complexity="1" type="method" signature="registerValueGenerator(ValueGenerator&lt;T&gt;,Class&lt;T&gt;) : void"/>
            <line num="114" count="1" type="stmt"/>
         </file>
         <file name="BeanMatchersException.java" path="/Users/orien/src/bean-matchers/src/main/java/com/google/code/beanmatchers/BeanMatchersException.java">
            <metrics classes="1" methods="3" conditionals="0" ncloc="12" coveredstatements="3" coveredmethods="3" complexity="3" coveredconditionals="0" statements="3" loc="16" coveredelements="6" elements="6"/>
            <class name="BeanMatchersException">
               <metrics methods="3" conditionals="0" coveredstatements="3" coveredmethods="3" complexity="3" coveredconditionals="0" statements="3" coveredelements="6" elements="6"/>
            </class>
            <line num="5" count="11" visibility="public" complexity="1" type="method" signature="BeanMatchersException(String)"/>
            <line num="6" count="11" type="stmt"/>
            <line num="9" count="3" visibility="public" complexity="1" type="method" signature="BeanMatchersException(String,Throwable)"/>
            <line num="10" count="3" type="stmt"/>
            <line num="13" count="1" visibility="public" complexity="1" type="method" signature="BeanMatchersException(Throwable)"/>
            <line num="14" count="1" type="stmt"/>
         </file>
         <file name="BeanOperations.java" path="/Users/orien/src/bean-matchers/src/main/java/com/google/code/beanmatchers/BeanOperations.java">
            <metrics classes="1" methods="11" conditionals="4" ncloc="77" coveredstatements="27" coveredmethods="10" complexity="19" coveredconditionals="4" statements="32" loc="90" coveredelements="41" elements="47"/>
            <class name="BeanOperations">
               <metrics methods="11" conditionals="4" coveredstatements="27" coveredmethods="10" complexity="19" coveredconditionals="4" statements="32" coveredelements="41" elements="47"/>
            </class>
            <line num="14" count="0" visibility="private" complexity="1" type="method" signature="BeanOperations()"/>
            <line num="16" count="370" visibility="public" complexity="4" type="method" signature="instantiateBean(Class&lt;T&gt;) : T"/>
            <line num="17" count="370" type="stmt"/>
            <line num="18" count="370" type="stmt"/>
            <line num="19" count="370" type="stmt"/>
            <line num="20" count="370" type="stmt"/>
            <line num="22" count="0" type="stmt"/>
            <line num="24" count="0" type="stmt"/>
            <line num="26" count="0" type="stmt"/>
            <line num="30" count="375" visibility="public" complexity="2" type="method" signature="noArgsConstructor(Class&lt;T&gt;) : Constructor&lt;T&gt;"/>
            <line num="31" count="375" type="stmt"/>
            <line num="32" count="375" type="stmt"/>
            <line num="34" count="2" type="stmt"/>
            <line num="38" count="29" visibility="public" complexity="1" type="method" signature="properties(Class&lt;?&gt;) : List&lt;String&gt;"/>
            <line num="39" count="29" type="stmt"/>
            <line num="42" count="49" visibility="public" complexity="1" type="method" signature="properties(PropertyDescriptor[]) : List&lt;String&gt;"/>
            <line num="43" count="49" type="stmt"/>
            <line num="44" count="49" type="stmt"/>
            <line num="45" count="214" type="stmt"/>
            <line num="47" count="49" type="stmt"/>
            <line num="48" count="49" type="stmt"/>
            <line num="51" count="402" visibility="public" complexity="1" type="method" signature="propertyDescriptors(T) : PropertyDescriptor[]"/>
            <line num="52" count="402" type="stmt"/>
            <line num="55" count="431" visibility="private" complexity="1" type="method" signature="propertyDescriptors(Class&lt;?&gt;) : PropertyDescriptor[]"/>
            <line num="56" count="431" type="stmt"/>
            <line num="59" count="431" visibility="private" complexity="2" type="method" signature="beanInfo(Class) : BeanInfo"/>
            <line num="60" count="431" type="stmt"/>
            <line num="61" count="431" type="stmt"/>
            <line num="63" count="0" type="stmt"/>
            <line num="67" count="67" visibility="public" complexity="2" type="method" signature="invokeGetter(Object,PropertyDescriptor) : Object"/>
            <line num="68" count="67" type="stmt"/>
            <line num="69" count="67" type="stmt"/>
            <line num="69" falsecount="65" type="cond" truecount="2"/>
            <line num="70" count="2" type="stmt"/>
            <line num="72" count="65" type="stmt"/>
            <line num="75" count="358" visibility="public" complexity="2" type="method" signature="invokeSetter(Object,PropertyDescriptor,Object) : void"/>
            <line num="76" count="358" type="stmt"/>
            <line num="77" count="358" type="stmt"/>
            <line num="77" falsecount="356" type="cond" truecount="2"/>
            <line num="78" count="2" type="stmt"/>
            <line num="80" count="356" type="stmt"/>
            <line num="83" count="421" visibility="private" complexity="2" type="method" signature="invokeMethod(Object,Method,Object) : Object"/>
            <line num="84" count="421" type="stmt"/>
            <line num="85" count="421" type="stmt"/>
            <line num="87" count="0" type="stmt"/>
         </file>
         <file name="BooleanGenerator.java" path="/Users/orien/src/bean-matchers/src/main/java/com/google/code/beanmatchers/BooleanGenerator.java">
            <metrics classes="1" methods="2" conditionals="0" ncloc="11" coveredstatements="2" coveredmethods="2" complexity="2" coveredconditionals="0" statements="2" loc="16" coveredelements="4" elements="4"/>
            <class name="BooleanGenerator">
               <metrics methods="2" conditionals="0" coveredstatements="2" coveredmethods="2" complexity="2" coveredconditionals="0" statements="2" coveredelements="4" elements="4"/>
            </class>
            <line num="9" count="2" visibility="public" complexity="1" type="method" signature="BooleanGenerator(Random)"/>
            <line num="10" count="2" type="stmt"/>
            <line num="13" count="19" visibility="public" complexity="1" type="method" signature="generate() : Boolean"/>
            <line num="14" count="19" type="stmt"/>
         </file>
         <file name="ByteGenerator.java" path="/Users/orien/src/bean-matchers/src/main/java/com/google/code/beanmatchers/ByteGenerator.java">
            <metrics classes="1" methods="2" conditionals="0" ncloc="13" coveredstatements="4" coveredmethods="2" complexity="2" coveredconditionals="0" statements="4" loc="18" coveredelements="6" elements="6"/>
            <class name="ByteGenerator">
               <metrics methods="2" conditionals="0" coveredstatements="4" coveredmethods="2" complexity="2" coveredconditionals="0" statements="4" coveredelements="6" elements="6"/>
            </class>
            <line num="9" count="3" visibility="public" complexity="1" type="method" signature="ByteGenerator(Random)"/>
            <line num="10" count="3" type="stmt"/>
            <line num="13" count="18" visibility="public" complexity="1" type="method" signature="generate() : Byte"/>
            <line num="14" count="18" type="stmt"/>
            <line num="15" count="18" type="stmt"/>
            <line num="16" count="18" type="stmt"/>
         </file>
         <file name="CharacterGenerator.java" path="/Users/orien/src/bean-matchers/src/main/java/com/google/code/beanmatchers/CharacterGenerator.java">
            <metrics classes="1" methods="2" conditionals="0" ncloc="15" coveredstatements="5" coveredmethods="2" complexity="2" coveredconditionals="0" statements="5" loc="20" coveredelements="7" elements="7"/>
            <class name="CharacterGenerator">
               <metrics methods="2" conditionals="0" coveredstatements="5" coveredmethods="2" complexity="2" coveredconditionals="0" statements="5" coveredelements="7" elements="7"/>
            </class>
            <line num="10" count="3" visibility="public" complexity="1" type="method" signature="CharacterGenerator(Random)"/>
            <line num="11" count="3" type="stmt"/>
            <line num="14" count="18" visibility="public" complexity="1" type="method" signature="generate() : Character"/>
            <line num="15" count="18" type="stmt"/>
            <line num="16" count="18" type="stmt"/>
            <line num="17" count="18" type="stmt"/>
            <line num="18" count="18" type="stmt"/>
         </file>
         <file name="DefaultTypeBasedValueGenerator.java" path="/Users/orien/src/bean-matchers/src/main/java/com/google/code/beanmatchers/DefaultTypeBasedValueGenerator.java">
            <metrics classes="1" methods="2" conditionals="8" ncloc="39" coveredstatements="14" coveredmethods="2" complexity="6" coveredconditionals="8" statements="14" loc="44" coveredelements="24" elements="24"/>
            <class name="DefaultTypeBasedValueGenerator">
               <metrics methods="2" conditionals="8" coveredstatements="14" coveredmethods="2" complexity="6" coveredconditionals="8" statements="14" coveredelements="24" elements="24"/>
            </class>
            <line num="12" count="6" visibility="public" complexity="1" type="method" signature="DefaultTypeBasedValueGenerator(ValueGeneratorRepository,TypeBasedValueGenerator,TypeBasedValueGenerator,TypeBasedValueGenerator)"/>
            <line num="16" count="6" type="stmt"/>
            <line num="17" count="6" type="stmt"/>
            <line num="18" count="6" type="stmt"/>
            <line num="19" count="6" type="stmt"/>
            <line num="22" count="276" visibility="public" complexity="5" type="method" signature="generate(Class&lt;T&gt;) : T"/>
            <line num="23" count="276" type="stmt"/>
            <line num="24" count="276" type="stmt"/>
            <line num="24" falsecount="89" type="cond" truecount="187"/>
            <line num="25" count="187" type="stmt"/>
            <line num="27" count="89" type="stmt"/>
            <line num="27" falsecount="38" type="cond" truecount="51"/>
            <line num="28" count="51" type="stmt"/>
            <line num="30" count="38" type="stmt"/>
            <line num="30" falsecount="27" type="cond" truecount="11"/>
            <line num="31" count="11" type="stmt"/>
            <line num="33" count="27" type="stmt"/>
            <line num="33" falsecount="2" type="cond" truecount="25"/>
            <line num="34" count="25" type="stmt"/>
            <line num="36" count="2" type="stmt"/>
         </file>
         <file name="DistinctValues.java" path="/Users/orien/src/bean-matchers/src/main/java/com/google/code/beanmatchers/DistinctValues.java">
            <metrics classes="1" methods="3" conditionals="0" ncloc="15" coveredstatements="4" coveredmethods="3" complexity="3" coveredconditionals="0" statements="4" loc="19" coveredelements="7" elements="7"/>
            <class name="DistinctValues">
               <metrics methods="3" conditionals="0" coveredstatements="4" coveredmethods="3" complexity="3" coveredconditionals="0" statements="4" coveredelements="7" elements="7"/>
            </class>
            <line num="7" count="76" visibility="public" complexity="1" type="method" signature="DistinctValues(T,T)"/>
            <line num="8" count="76" type="stmt"/>
            <line num="9" count="76" type="stmt"/>
            <line num="12" count="121" visibility="public" complexity="1" type="method" signature="getValueOne() : T"/>
            <line num="13" count="121" type="stmt"/>
            <line num="16" count="76" visibility="public" complexity="1" type="method" signature="getValueTwo() : T"/>
            <line num="17" count="76" type="stmt"/>
         </file>
         <file name="DoubleGenerator.java" path="/Users/orien/src/bean-matchers/src/main/java/com/google/code/beanmatchers/DoubleGenerator.java">
            <metrics classes="1" methods="2" conditionals="0" ncloc="11" coveredstatements="2" coveredmethods="2" complexity="2" coveredconditionals="0" statements="2" loc="16" coveredelements="4" elements="4"/>
            <class name="DoubleGenerator">
               <metrics methods="2" conditionals="0" coveredstatements="2" coveredmethods="2" complexity="2" coveredconditionals="0" statements="2" coveredelements="4" elements="4"/>
            </class>
            <line num="9" count="2" visibility="public" complexity="1" type="method" signature="DoubleGenerator(Random)"/>
            <line num="10" count="2" type="stmt"/>
            <line num="13" count="16" visibility="public" complexity="1" type="method" signature="generate() : Double"/>
            <line num="14" count="16" type="stmt"/>
         </file>
         <file name="EnumBasedValueGenerator.java" path="/Users/orien/src/bean-matchers/src/main/java/com/google/code/beanmatchers/EnumBasedValueGenerator.java">
            <metrics classes="1" methods="2" conditionals="0" ncloc="13" coveredstatements="4" coveredmethods="2" complexity="2" coveredconditionals="0" statements="4" loc="18" coveredelements="6" elements="6"/>
            <class name="EnumBasedValueGenerator">
               <metrics methods="2" conditionals="0" coveredstatements="4" coveredmethods="2" complexity="2" coveredconditionals="0" statements="4" coveredelements="6" elements="6"/>
            </class>
            <line num="9" count="3" visibility="public" complexity="1" type="method" signature="EnumBasedValueGenerator(Random)"/>
            <line num="10" count="3" type="stmt"/>
            <line num="13" count="12" visibility="public" complexity="1" type="method" signature="generate(Class&lt;T&gt;) : T"/>
            <line num="14" count="12" type="stmt"/>
            <line num="15" count="12" type="stmt"/>
            <line num="16" count="12" type="stmt"/>
         </file>
         <file name="FloatGenerator.java" path="/Users/orien/src/bean-matchers/src/main/java/com/google/code/beanmatchers/FloatGenerator.java">
            <metrics classes="1" methods="2" conditionals="0" ncloc="11" coveredstatements="2" coveredmethods="2" complexity="2" coveredconditionals="0" statements="2" loc="16" coveredelements="4" elements="4"/>
            <class name="FloatGenerator">
               <metrics methods="2" conditionals="0" coveredstatements="2" coveredmethods="2" complexity="2" coveredconditionals="0" statements="2" coveredelements="4" elements="4"/>
            </class>
            <line num="9" count="2" visibility="public" complexity="1" type="method" signature="FloatGenerator(Random)"/>
            <line num="10" count="2" type="stmt"/>
            <line num="13" count="16" visibility="public" complexity="1" type="method" signature="generate() : Float"/>
            <line num="14" count="16" type="stmt"/>
         </file>
         <file name="HasToStringDescribingPropertiesExcludingMatcher.java" path="/Users/orien/src/bean-matchers/src/main/java/com/google/code/beanmatchers/HasToStringDescribingPropertiesExcludingMatcher.java">
            <metrics classes="1" methods="3" conditionals="2" ncloc="26" coveredstatements="9" coveredmethods="3" complexity="4" coveredconditionals="2" statements="9" loc="34" coveredelements="14" elements="14"/>
            <class name="HasToStringDescribingPropertiesExcludingMatcher">
               <metrics methods="3" conditionals="2" coveredstatements="9" coveredmethods="3" complexity="4" coveredconditionals="2" statements="9" coveredelements="14" elements="14"/>
            </class>
            <line num="14" count="14" visibility="public" complexity="1" type="method" signature="HasToStringDescribingPropertiesExcludingMatcher(TypeBasedValueGenerator,String)"/>
            <line num="15" count="14" type="stmt"/>
            <line num="16" count="14" type="stmt"/>
            <line num="19" count="12" visibility="protected" complexity="1" type="method" signature="matchesSafely(Class,Description) : boolean"/>
            <line num="21" count="12" type="stmt"/>
            <line num="22" count="12" type="stmt"/>
            <line num="23" count="12" type="stmt"/>
            <line num="26" count="2" visibility="public" complexity="2" type="method" signature="describeTo(Description) : void"/>
            <line num="27" count="2" type="stmt"/>
            <line num="27" falsecount="1" type="cond" truecount="1"/>
            <line num="28" count="1" type="stmt"/>
            <line num="30" count="1" type="stmt"/>
            <line num="31" count="1" type="stmt"/>
         </file>
         <file name="HasToStringDescribingPropertiesMatcher.java" path="/Users/orien/src/bean-matchers/src/main/java/com/google/code/beanmatchers/HasToStringDescribingPropertiesMatcher.java">
            <metrics classes="1" methods="3" conditionals="0" ncloc="19" coveredstatements="5" coveredmethods="3" complexity="3" coveredconditionals="0" statements="5" loc="28" coveredelements="8" elements="8"/>
            <class name="HasToStringDescribingPropertiesMatcher">
               <metrics methods="3" conditionals="0" coveredstatements="5" coveredmethods="3" complexity="3" coveredconditionals="0" statements="5" coveredelements="8" elements="8"/>
            </class>
            <line num="14" count="12" visibility="public" complexity="1" type="method" signature="HasToStringDescribingPropertiesMatcher(TypeBasedValueGenerator,String)"/>
            <line num="15" count="12" type="stmt"/>
            <line num="16" count="12" type="stmt"/>
            <line num="19" count="11" visibility="protected" complexity="1" type="method" signature="matchesSafely(Class,Description) : boolean"/>
            <line num="21" count="11" type="stmt"/>
            <line num="24" count="1" visibility="public" complexity="1" type="method" signature="describeTo(Description) : void"/>
            <line num="25" count="1" type="stmt"/>
            <line num="26" count="1" type="stmt"/>
         </file>
         <file name="HasValidBeanConstructorMatcher.java" path="/Users/orien/src/bean-matchers/src/main/java/com/google/code/beanmatchers/HasValidBeanConstructorMatcher.java">
            <metrics classes="1" methods="2" conditionals="0" ncloc="22" coveredstatements="6" coveredmethods="2" complexity="3" coveredconditionals="0" statements="6" loc="27" coveredelements="8" elements="8"/>
            <class name="HasValidBeanConstructorMatcher">
               <metrics methods="2" conditionals="0" coveredstatements="6" coveredmethods="2" complexity="3" coveredconditionals="0" statements="6" coveredelements="8" elements="8"/>
            </class>
            <line num="10" count="4" visibility="protected" complexity="2" type="method" signature="matchesSafely(Class,Description) : boolean"/>
            <line num="12" count="4" type="stmt"/>
            <line num="13" count="4" type="stmt"/>
            <line num="14" count="2" type="stmt"/>
            <line num="16" count="2" type="stmt"/>
            <line num="20" count="2" type="stmt"/>
            <line num="24" count="1" visibility="public" complexity="1" type="method" signature="describeTo(Description) : void"/>
            <line num="25" count="1" type="stmt"/>
         </file>
         <file name="HasValidBeanEqualsExcludingMatcher.java" path="/Users/orien/src/bean-matchers/src/main/java/com/google/code/beanmatchers/HasValidBeanEqualsExcludingMatcher.java">
            <metrics classes="1" methods="3" conditionals="2" ncloc="27" coveredstatements="10" coveredmethods="3" complexity="4" coveredconditionals="2" statements="10" loc="34" coveredelements="15" elements="15"/>
            <class name="HasValidBeanEqualsExcludingMatcher">
               <metrics methods="3" conditionals="2" coveredstatements="10" coveredmethods="3" complexity="4" coveredconditionals="2" statements="10" coveredelements="15" elements="15"/>
            </class>
            <line num="13" count="19" visibility="package" complexity="1" type="method" signature="HasValidBeanEqualsExcludingMatcher(TypeBasedValueGenerator,String)"/>
            <line num="14" count="19" type="stmt"/>
            <line num="15" count="19" type="stmt"/>
            <line num="18" count="17" visibility="protected" complexity="1" type="method" signature="matchesSafely(Class&lt;T&gt;,Description) : boolean"/>
            <line num="20" count="17" type="stmt"/>
            <line num="21" count="17" type="stmt"/>
            <line num="22" count="17" type="stmt"/>
            <line num="25" count="2" visibility="public" complexity="2" type="method" signature="describeTo(Description) : void"/>
            <line num="26" count="2" type="stmt"/>
            <line num="26" falsecount="1" type="cond" truecount="1"/>
            <line num="27" count="1" type="stmt"/>
            <line num="29" count="1" type="stmt"/>
            <line num="30" count="1" type="stmt"/>
            <line num="31" count="1" type="stmt"/>
         </file>
         <file name="HasValidBeanEqualsForMatcher.java" path="/Users/orien/src/bean-matchers/src/main/java/com/google/code/beanmatchers/HasValidBeanEqualsForMatcher.java">
            <metrics classes="1" methods="3" conditionals="0" ncloc="20" coveredstatements="6" coveredmethods="3" complexity="3" coveredconditionals="0" statements="6" loc="27" coveredelements="9" elements="9"/>
            <class name="HasValidBeanEqualsForMatcher">
               <metrics methods="3" conditionals="0" coveredstatements="6" coveredmethods="3" complexity="3" coveredconditionals="0" statements="6" coveredelements="9" elements="9"/>
            </class>
            <line num="12" count="18" visibility="package" complexity="1" type="method" signature="HasValidBeanEqualsForMatcher(TypeBasedValueGenerator,String)"/>
            <line num="13" count="18" type="stmt"/>
            <line num="14" count="18" type="stmt"/>
            <line num="17" count="17" visibility="protected" complexity="1" type="method" signature="matchesSafely(Class&lt;T&gt;,Description) : boolean"/>
            <line num="19" count="17" type="stmt"/>
            <line num="22" count="1" visibility="public" complexity="1" type="method" signature="describeTo(Description) : void"/>
            <line num="23" count="1" type="stmt"/>
            <line num="24" count="1" type="stmt"/>
            <line num="25" count="1" type="stmt"/>
         </file>
         <file name="HasValidBeanHashCodeExcludingMatcher.java" path="/Users/orien/src/bean-matchers/src/main/java/com/google/code/beanmatchers/HasValidBeanHashCodeExcludingMatcher.java">
            <metrics classes="1" methods="3" conditionals="2" ncloc="27" coveredstatements="11" coveredmethods="3" complexity="4" coveredconditionals="2" statements="11" loc="34" coveredelements="16" elements="16"/>
            <class name="HasValidBeanHashCodeExcludingMatcher">
               <metrics methods="3" conditionals="2" coveredstatements="11" coveredmethods="3" complexity="4" coveredconditionals="2" statements="11" coveredelements="16" elements="16"/>
            </class>
            <line num="12" count="8" visibility="package" complexity="1" type="method" signature="HasValidBeanHashCodeExcludingMatcher(TypeBasedValueGenerator,String)"/>
            <line num="13" count="8" type="stmt"/>
            <line num="14" count="8" type="stmt"/>
            <line num="17" count="6" visibility="protected" complexity="1" type="method" signature="matchesSafely(Class&lt;T&gt;,Description) : boolean"/>
            <line num="19" count="6" type="stmt"/>
            <line num="20" count="6" type="stmt"/>
            <line num="21" count="6" type="stmt"/>
            <line num="22" count="6" type="stmt"/>
            <line num="25" count="2" visibility="public" complexity="2" type="method" signature="describeTo(Description) : void"/>
            <line num="26" count="2" type="stmt"/>
            <line num="26" falsecount="1" type="cond" truecount="1"/>
            <line num="27" count="1" type="stmt"/>
            <line num="29" count="1" type="stmt"/>
            <line num="30" count="1" type="stmt"/>
            <line num="31" count="1" type="stmt"/>
         </file>
         <file name="HasValidBeanHashCodeForMatcher.java" path="/Users/orien/src/bean-matchers/src/main/java/com/google/code/beanmatchers/HasValidBeanHashCodeForMatcher.java">
            <metrics classes="1" methods="3" conditionals="0" ncloc="20" coveredstatements="6" coveredmethods="3" complexity="3" coveredconditionals="0" statements="6" loc="27" coveredelements="9" elements="9"/>
            <class name="HasValidBeanHashCodeForMatcher">
               <metrics methods="3" conditionals="0" coveredstatements="6" coveredmethods="3" complexity="3" coveredconditionals="0" statements="6" coveredelements="9" elements="9"/>
            </class>
            <line num="12" count="6" visibility="package" complexity="1" type="method" signature="HasValidBeanHashCodeForMatcher(TypeBasedValueGenerator,String)"/>
            <line num="13" count="6" type="stmt"/>
            <line num="14" count="6" type="stmt"/>
            <line num="17" count="5" visibility="protected" complexity="1" type="method" signature="matchesSafely(Class&lt;T&gt;,Description) : boolean"/>
            <line num="19" count="5" type="stmt"/>
            <line num="22" count="1" visibility="public" complexity="1" type="method" signature="describeTo(Description) : void"/>
            <line num="23" count="1" type="stmt"/>
            <line num="24" count="1" type="stmt"/>
            <line num="25" count="1" type="stmt"/>
         </file>
         <file name="HasValidGettersAndSettersExcludingMatcher.java" path="/Users/orien/src/bean-matchers/src/main/java/com/google/code/beanmatchers/HasValidGettersAndSettersExcludingMatcher.java">
            <metrics classes="1" methods="3" conditionals="2" ncloc="26" coveredstatements="10" coveredmethods="3" complexity="4" coveredconditionals="2" statements="10" loc="33" coveredelements="15" elements="15"/>
            <class name="HasValidGettersAndSettersExcludingMatcher">
               <metrics methods="3" conditionals="2" coveredstatements="10" coveredmethods="3" complexity="4" coveredconditionals="2" statements="10" coveredelements="15" elements="15"/>
            </class>
            <line num="12" count="15" visibility="package" complexity="1" type="method" signature="HasValidGettersAndSettersExcludingMatcher(TypeBasedValueGenerator,String)"/>
            <line num="13" count="15" type="stmt"/>
            <line num="14" count="15" type="stmt"/>
            <line num="17" count="13" visibility="protected" complexity="1" type="method" signature="matches(Object,Description) : boolean"/>
            <line num="19" count="13" type="stmt"/>
            <line num="20" count="13" type="stmt"/>
            <line num="21" count="13" type="stmt"/>
            <line num="22" count="13" type="stmt"/>
            <line num="25" count="2" visibility="public" complexity="2" type="method" signature="describeTo(Description) : void"/>
            <line num="26" count="2" type="stmt"/>
            <line num="26" falsecount="1" type="cond" truecount="1"/>
            <line num="27" count="1" type="stmt"/>
            <line num="29" count="1" type="stmt"/>
            <line num="30" count="1" type="stmt"/>
         </file>
         <file name="HasValidGettersAndSettersMatcher.java" path="/Users/orien/src/bean-matchers/src/main/java/com/google/code/beanmatchers/HasValidGettersAndSettersMatcher.java">
            <metrics classes="1" methods="3" conditionals="0" ncloc="19" coveredstatements="5" coveredmethods="3" complexity="3" coveredconditionals="0" statements="5" loc="26" coveredelements="8" elements="8"/>
            <class name="HasValidGettersAndSettersMatcher">
               <metrics methods="3" conditionals="0" coveredstatements="5" coveredmethods="3" complexity="3" coveredconditionals="0" statements="5" coveredelements="8" elements="8"/>
            </class>
            <line num="12" count="7" visibility="package" complexity="1" type="method" signature="HasValidGettersAndSettersMatcher(TypeBasedValueGenerator,String)"/>
            <line num="13" count="7" type="stmt"/>
            <line num="14" count="7" type="stmt"/>
            <line num="17" count="6" visibility="protected" complexity="1" type="method" signature="matches(Object,Description) : boolean"/>
            <line num="19" count="6" type="stmt"/>
            <line num="22" count="1" visibility="public" complexity="1" type="method" signature="describeTo(Description) : void"/>
            <line num="23" count="1" type="stmt"/>
            <line num="24" count="1" type="stmt"/>
         </file>
         <file name="InMemoryValueGeneratorRepository.java" path="/Users/orien/src/bean-matchers/src/main/java/com/google/code/beanmatchers/InMemoryValueGeneratorRepository.java">
            <metrics classes="1" methods="3" conditionals="0" ncloc="17" coveredstatements="4" coveredmethods="3" complexity="3" coveredconditionals="0" statements="4" loc="23" coveredelements="7" elements="7"/>
            <class name="InMemoryValueGeneratorRepository">
               <metrics methods="3" conditionals="0" coveredstatements="4" coveredmethods="3" complexity="3" coveredconditionals="0" statements="4" coveredelements="7" elements="7"/>
            </class>
            <line num="10" count="22" visibility="public" complexity="1" type="method" signature="registerValueGenerator(ValueGenerator&lt;T&gt;,Class&lt;T&gt;) : void"/>
            <line num="11" count="22" type="stmt"/>
            <line num="14" count="9" visibility="public" complexity="1" type="method" signature="registerValueGenerator(ValueGenerator&lt;T&gt;,Class&lt;T&gt;,Class&lt;T&gt;) : void"/>
            <line num="15" count="9" type="stmt"/>
            <line num="16" count="9" type="stmt"/>
            <line num="19" count="275" visibility="public" complexity="1" type="method" signature="retrieveValueGenerator(Class&lt;T&gt;) : ValueGenerator&lt;T&gt;"/>
            <line num="21" count="275" type="stmt"/>
         </file>
         <file name="InstantiatingMatcherDecorator.java" path="/Users/orien/src/bean-matchers/src/main/java/com/google/code/beanmatchers/InstantiatingMatcherDecorator.java">
            <metrics classes="1" methods="4" conditionals="0" ncloc="24" coveredstatements="6" coveredmethods="4" complexity="4" coveredconditionals="0" statements="6" loc="32" coveredelements="10" elements="10"/>
            <class name="InstantiatingMatcherDecorator">
               <metrics methods="4" conditionals="0" coveredstatements="6" coveredmethods="4" complexity="4" coveredconditionals="0" statements="6" coveredelements="10" elements="10"/>
            </class>
            <line num="13" count="7" visibility="public" complexity="1" type="method" signature="InstantiatingMatcherDecorator(Matcher&lt;T&gt;)"/>
            <line num="14" count="7" type="stmt"/>
            <line num="17" count="5" visibility="protected" complexity="1" type="method" signature="matchesSafely(Class&lt;T&gt;) : boolean"/>
            <line num="19" count="5" type="stmt"/>
            <line num="20" count="5" type="stmt"/>
            <line num="23" count="1" visibility="protected" complexity="1" type="method" signature="describeMismatchSafely(Class&lt;T&gt;,Description) : void"/>
            <line num="25" count="1" type="stmt"/>
            <line num="26" count="1" type="stmt"/>
            <line num="29" count="1" visibility="public" complexity="1" type="method" signature="describeTo(Description) : void"/>
            <line num="30" count="1" type="stmt"/>
         </file>
         <file name="IntegerGenerator.java" path="/Users/orien/src/bean-matchers/src/main/java/com/google/code/beanmatchers/IntegerGenerator.java">
            <metrics classes="1" methods="2" conditionals="0" ncloc="11" coveredstatements="2" coveredmethods="2" complexity="2" coveredconditionals="0" statements="2" loc="16" coveredelements="4" elements="4"/>
            <class name="IntegerGenerator">
               <metrics methods="2" conditionals="0" coveredstatements="2" coveredmethods="2" complexity="2" coveredconditionals="0" statements="2" coveredelements="4" elements="4"/>
            </class>
            <line num="9" count="2" visibility="public" complexity="1" type="method" signature="IntegerGenerator(Random)"/>
            <line num="10" count="2" type="stmt"/>
            <line num="13" count="64" visibility="public" complexity="1" type="method" signature="generate() : Integer"/>
            <line num="14" count="64" type="stmt"/>
         </file>
         <file name="JavaBean.java" path="/Users/orien/src/bean-matchers/src/main/java/com/google/code/beanmatchers/JavaBean.java">
            <metrics classes="1" methods="11" conditionals="4" ncloc="53" coveredstatements="17" coveredmethods="11" complexity="13" coveredconditionals="4" statements="17" loc="68" coveredelements="32" elements="32"/>
            <class name="JavaBean">
               <metrics methods="11" conditionals="4" coveredstatements="17" coveredmethods="11" complexity="13" coveredconditionals="4" statements="17" coveredelements="32" elements="32"/>
            </class>
            <line num="13" count="397" visibility="public" complexity="1" type="method" signature="JavaBean(Object)"/>
            <line num="14" count="397" type="stmt"/>
            <line num="15" count="397" type="stmt"/>
            <line num="18" count="362" visibility="public" complexity="1" type="method" signature="JavaBean(Class)"/>
            <line num="19" count="362" type="stmt"/>
            <line num="22" count="13" visibility="public" complexity="1" type="method" signature="beanType() : Class"/>
            <line num="23" count="13" type="stmt"/>
            <line num="26" count="216" visibility="public" complexity="1" type="method" signature="propertyType(String) : Class&lt;?&gt;"/>
            <line num="27" count="216" type="stmt"/>
            <line num="30" count="357" visibility="public" complexity="1" type="method" signature="setProperty(String,Object) : void"/>
            <line num="31" count="357" type="stmt"/>
            <line num="34" count="66" visibility="public" complexity="1" type="method" signature="getProperty(String) : Object"/>
            <line num="35" count="66" type="stmt"/>
            <line num="38" count="639" visibility="private" complexity="2" type="method" signature="descriptorForName(String) : PropertyDescriptor"/>
            <line num="39" count="639" type="stmt"/>
            <line num="40" count="5576" type="stmt"/>
            <line num="40" falsecount="4940" type="cond" truecount="636"/>
            <line num="41" count="636" type="stmt"/>
            <line num="44" count="3" type="stmt"/>
            <line num="47" count="20" visibility="public" complexity="1" type="method" signature="properties() : List&lt;String&gt;"/>
            <line num="48" count="20" type="stmt"/>
            <line num="51" count="59" visibility="public" complexity="1" type="method" signature="toString() : String"/>
            <line num="52" count="59" type="stmt"/>
            <line num="55" count="59" visibility="public" complexity="1" type="method" signature="hashCode() : int"/>
            <line num="57" count="59" type="stmt"/>
            <line num="60" count="238" visibility="public" complexity="2" type="method" signature="equals(Object) : boolean"/>
            <line num="62" count="238" type="stmt"/>
            <line num="62" falsecount="56" type="cond" truecount="182"/>
            <line num="63" count="182" type="stmt"/>
            <line num="65" count="56" type="stmt"/>
         </file>
         <file name="LongGenerator.java" path="/Users/orien/src/bean-matchers/src/main/java/com/google/code/beanmatchers/LongGenerator.java">
            <metrics classes="1" methods="2" conditionals="0" ncloc="11" coveredstatements="2" coveredmethods="2" complexity="2" coveredconditionals="0" statements="2" loc="16" coveredelements="4" elements="4"/>
            <class name="LongGenerator">
               <metrics methods="2" conditionals="0" coveredstatements="2" coveredmethods="2" complexity="2" coveredconditionals="0" statements="2" coveredelements="4" elements="4"/>
            </class>
            <line num="9" count="2" visibility="public" complexity="1" type="method" signature="LongGenerator(Random)"/>
            <line num="10" count="2" type="stmt"/>
            <line num="13" count="22" visibility="public" complexity="1" type="method" signature="generate() : Long"/>
            <line num="14" count="22" type="stmt"/>
         </file>
         <file name="MockingTypeBasedValueGenerator.java" path="/Users/orien/src/bean-matchers/src/main/java/com/google/code/beanmatchers/MockingTypeBasedValueGenerator.java">
            <metrics classes="1" methods="1" conditionals="0" ncloc="7" coveredstatements="1" coveredmethods="1" complexity="1" coveredconditionals="0" statements="1" loc="10" coveredelements="2" elements="2"/>
            <class name="MockingTypeBasedValueGenerator">
               <metrics methods="1" conditionals="0" coveredstatements="1" coveredmethods="1" complexity="1" coveredconditionals="0" statements="1" coveredelements="2" elements="2"/>
            </class>
            <line num="7" count="51" visibility="public" complexity="1" type="method" signature="generate(Class&lt;T&gt;) : T"/>
            <line num="8" count="51" type="stmt"/>
         </file>
         <file name="ShortGenerator.java" path="/Users/orien/src/bean-matchers/src/main/java/com/google/code/beanmatchers/ShortGenerator.java">
            <metrics classes="1" methods="2" conditionals="0" ncloc="15" coveredstatements="5" coveredmethods="2" complexity="2" coveredconditionals="0" statements="5" loc="20" coveredelements="7" elements="7"/>
            <class name="ShortGenerator">
               <metrics methods="2" conditionals="0" coveredstatements="5" coveredmethods="2" complexity="2" coveredconditionals="0" statements="5" coveredelements="7" elements="7"/>
            </class>
            <line num="10" count="3" visibility="public" complexity="1" type="method" signature="ShortGenerator(Random)"/>
            <line num="11" count="3" type="stmt"/>
            <line num="14" count="18" visibility="public" complexity="1" type="method" signature="generate() : Short"/>
            <line num="15" count="18" type="stmt"/>
            <line num="16" count="18" type="stmt"/>
            <line num="17" count="18" type="stmt"/>
            <line num="18" count="18" type="stmt"/>
         </file>
         <file name="StringGenerator.java" path="/Users/orien/src/bean-matchers/src/main/java/com/google/code/beanmatchers/StringGenerator.java">
            <metrics classes="1" methods="1" conditionals="0" ncloc="7" coveredstatements="1" coveredmethods="1" complexity="1" coveredconditionals="0" statements="1" loc="9" coveredelements="2" elements="2"/>
            <class name="StringGenerator">
               <metrics methods="1" conditionals="0" coveredstatements="1" coveredmethods="1" complexity="1" coveredconditionals="0" statements="1" coveredelements="2" elements="2"/>
            </class>
            <line num="6" count="11" visibility="public" complexity="1" type="method" signature="generate() : String"/>
            <line num="7" count="11" type="stmt"/>
         </file>
         <file name="TypeBasedValueGenerator.java" path="/Users/orien/src/bean-matchers/src/main/java/com/google/code/beanmatchers/TypeBasedValueGenerator.java">
            <metrics classes="1" methods="0" conditionals="0" ncloc="4" coveredstatements="0" coveredmethods="0" complexity="0" coveredconditionals="0" statements="0" loc="9" coveredelements="0" elements="0"/>
            <class name="TypeBasedValueGenerator">
               <metrics methods="0" conditionals="0" coveredstatements="0" coveredmethods="0" complexity="0" coveredconditionals="0" statements="0" coveredelements="0" elements="0"/>
            </class>
         </file>
         <file name="ValueGenerator.java" path="/Users/orien/src/bean-matchers/src/main/java/com/google/code/beanmatchers/ValueGenerator.java">
            <metrics classes="1" methods="0" conditionals="0" ncloc="4" coveredstatements="0" coveredmethods="0" complexity="0" coveredconditionals="0" statements="0" loc="20" coveredelements="0" elements="0"/>
            <class name="ValueGenerator">
               <metrics methods="0" conditionals="0" coveredstatements="0" coveredmethods="0" complexity="0" coveredconditionals="0" statements="0" coveredelements="0" elements="0"/>
            </class>
         </file>
         <file name="ValueGeneratorRepository.java" path="/Users/orien/src/bean-matchers/src/main/java/com/google/code/beanmatchers/ValueGeneratorRepository.java">
            <metrics classes="1" methods="0" conditionals="0" ncloc="6" coveredstatements="0" coveredmethods="0" complexity="0" coveredconditionals="0" statements="0" loc="14" coveredelements="0" elements="0"/>
            <class name="ValueGeneratorRepository">
               <metrics methods="0" conditionals="0" coveredstatements="0" coveredmethods="0" complexity="0" coveredconditionals="0" statements="0" coveredelements="0" elements="0"/>
            </class>
         </file>
         <file name="ValueGenerators.java" path="/Users/orien/src/bean-matchers/src/main/java/com/google/code/beanmatchers/ValueGenerators.java">
            <metrics classes="1" methods="2" conditionals="4" ncloc="19" coveredstatements="9" coveredmethods="1" complexity="4" coveredconditionals="4" statements="9" loc="21" coveredelements="14" elements="15"/>
            <class name="ValueGenerators">
               <metrics methods="2" conditionals="4" coveredstatements="9" coveredmethods="1" complexity="4" coveredconditionals="4" statements="9" coveredelements="14" elements="15"/>
            </class>
            <line num="5" count="0" visibility="private" complexity="1" type="method" signature="ValueGenerators()"/>
            <line num="8" count="77" visibility="public" complexity="3" type="method" signature="generateTwoDistinctValues(TypeBasedValueGenerator,Class&lt;T&gt;) : DistinctValues&lt;T&gt;"/>
            <line num="9" count="77" type="stmt"/>
            <line num="10" count="77" type="stmt"/>
            <line num="11" count="77" type="stmt"/>
            <line num="12" count="77" type="stmt"/>
            <line num="13" count="211" type="stmt"/>
            <line num="13" falsecount="210" type="cond" truecount="1"/>
            <line num="14" count="1" type="stmt"/>
            <line num="16" count="210" type="stmt"/>
            <line num="17" count="210" type="stmt"/>
            <line num="18" falsecount="76" type="cond" truecount="134"/>
            <line num="19" count="76" type="stmt"/>
         </file>
      </package>
   </project>
   <testproject timestamp="1475307678852" name="Bean Matchers 0.10">
      <metrics conditionals="54" methods="310" classes="59" files="59" packages="2" coveredstatements="845" complexity="343" loc="3525" ncloc="2321" coveredmethods="283" coveredconditionals="47" statements="876" coveredelements="1175" elements="1240"/>
      <package name="com.google.code.beanmatchers">
         <metrics classes="30" methods="191" conditionals="2" files="30" ncloc="1766" coveredstatements="707" coveredmethods="189" complexity="193" coveredconditionals="2" statements="709" loc="2795" coveredelements="898" elements="902"/>
         <file name="ArrayTypeBasedValueGeneratorTest.java" path="/Users/orien/src/bean-matchers/src/test/java/com/google/code/beanmatchers/ArrayTypeBasedValueGeneratorTest.java">
            <metrics classes="1" methods="3" conditionals="0" ncloc="33" coveredstatements="9" coveredmethods="3" complexity="3" coveredconditionals="0" statements="9" loc="51" coveredelements="12" elements="12"/>
            <class name="ArrayTypeBasedValueGeneratorTest">
               <metrics conditionals="0" methods="3" coveredstatements="9" complexity="3" testpasses="2" testruns="2" coveredmethods="3" coveredconditionals="0" statements="9" testfailures="0" coveredelements="12" testduration="0.004" elements="12"/>
            </class>
            <line num="21" count="2" visibility="public" complexity="1" type="method" signature="setUp() : void"/>
            <line num="23" count="2" type="stmt"/>
            <line num="24" count="2" type="stmt"/>
            <line num="27" testsuccess="true" count="1" visibility="public" complexity="1" type="method" testduration="0.001" signature="canCreateArray() : void"/>
            <line num="30" count="1" type="stmt"/>
            <line num="33" count="1" type="stmt"/>
            <line num="36" count="1" type="stmt"/>
            <line num="39" testsuccess="true" count="1" visibility="public" complexity="1" type="method" testduration="0.003" signature="arrayShouldHaveAtLeastOneElement() : void"/>
            <line num="42" count="1" type="stmt"/>
            <line num="45" count="1" type="stmt"/>
            <line num="48" count="1" type="stmt"/>
            <line num="49" count="1" type="stmt"/>
         </file>
         <file name="BeanMatchersExceptionTest.java" path="/Users/orien/src/bean-matchers/src/test/java/com/google/code/beanmatchers/BeanMatchersExceptionTest.java">
            <metrics classes="1" methods="3" conditionals="0" ncloc="26" coveredstatements="11" coveredmethods="3" complexity="3" coveredconditionals="0" statements="11" loc="47" coveredelements="14" elements="14"/>
            <class name="BeanMatchersExceptionTest">
               <metrics conditionals="0" methods="3" coveredstatements="11" complexity="3" testpasses="3" testruns="3" coveredmethods="3" coveredconditionals="0" statements="11" testfailures="0" coveredelements="14" testduration="0.0" elements="14"/>
            </class>
            <line num="10" testsuccess="true" count="1" visibility="public" complexity="1" type="method" testduration="0.0" signature="canCreateExceptionWithMessage() : void"/>
            <line num="13" count="1" type="stmt"/>
            <line num="16" count="1" type="stmt"/>
            <line num="19" count="1" type="stmt"/>
            <line num="22" testsuccess="true" count="1" visibility="public" complexity="1" type="method" testduration="0.0" signature="canCreateExceptionWithCause() : void"/>
            <line num="25" count="1" type="stmt"/>
            <line num="28" count="1" type="stmt"/>
            <line num="31" count="1" type="stmt"/>
            <line num="34" testsuccess="true" count="1" visibility="public" complexity="1" type="method" testduration="0.0" signature="canCreateExceptionWithMessageAndCause() : void"/>
            <line num="37" count="1" type="stmt"/>
            <line num="38" count="1" type="stmt"/>
            <line num="41" count="1" type="stmt"/>
            <line num="44" count="1" type="stmt"/>
            <line num="45" count="1" type="stmt"/>
         </file>
         <file name="BeanMatchersTest.java" path="/Users/orien/src/bean-matchers/src/test/java/com/google/code/beanmatchers/BeanMatchersTest.java">
            <metrics classes="1" methods="19" conditionals="0" ncloc="84" coveredstatements="20" coveredmethods="19" complexity="19" coveredconditionals="0" statements="20" loc="106" coveredelements="39" elements="39"/>
            <class name="BeanMatchersTest">
               <metrics conditionals="0" methods="19" coveredstatements="20" complexity="19" testpasses="19" testruns="19" coveredmethods="19" coveredconditionals="0" statements="20" testfailures="0" coveredelements="39" testduration="0.107" elements="39"/>
            </class>
            <line num="11" testsuccess="true" count="1" visibility="public" complexity="1" type="method" testduration="0.001" signature="testHasValidBeanConstructor() : void"/>
            <line num="13" count="1" type="stmt"/>
            <line num="16" testsuccess="true" count="1" visibility="public" complexity="1" type="method" testduration="0.002" signature="testBeanHasValidGettersAndSettersFor() : void"/>
            <line num="18" count="1" type="stmt"/>
            <line num="21" testsuccess="true" count="1" visibility="public" complexity="1" type="method" testduration="0.001" signature="testHasValidGettersAndSettersFor() : void"/>
            <line num="23" count="1" type="stmt"/>
            <line num="26" testsuccess="true" count="1" visibility="public" complexity="1" type="method" testduration="0.001" signature="testBeanHasValidGettersAndSettersExcluding() : void"/>
            <line num="28" count="1" type="stmt"/>
            <line num="31" testsuccess="true" count="1" visibility="public" complexity="1" type="method" testduration="0.0" signature="testHasValidGettersAndSettersExcluding() : void"/>
            <line num="33" count="1" type="stmt"/>
            <line num="36" testsuccess="true" count="1" visibility="public" complexity="1" type="method" testduration="0.017" signature="testBeanHasValidGettersAndSetters() : void"/>
            <line num="38" count="1" type="stmt"/>
            <line num="41" testsuccess="true" count="1" visibility="public" complexity="1" type="method" testduration="0.002" signature="testHasValidGettersAndSetters() : void"/>
            <line num="43" count="1" type="stmt"/>
            <line num="46" testsuccess="true" count="1" visibility="public" complexity="1" type="method" testduration="0.01" signature="testHasValidBeanHashCode() : void"/>
            <line num="48" count="1" type="stmt"/>
            <line num="51" testsuccess="true" count="1" visibility="public" complexity="1" type="method" testduration="0.001" signature="testHasValidBeanHashCodeFor() : void"/>
            <line num="53" count="1" type="stmt"/>
            <line num="56" testsuccess="true" count="1" visibility="public" complexity="1" type="method" testduration="0.001" signature="testHasValidBeanHashCodeExcluding() : void"/>
            <line num="58" count="1" type="stmt"/>
            <line num="61" testsuccess="true" count="1" visibility="public" complexity="1" type="method" testduration="0.023" signature="testHasValidBeanEquals() : void"/>
            <line num="63" count="1" type="stmt"/>
            <line num="66" testsuccess="true" count="1" visibility="public" complexity="1" type="method" testduration="0.002" signature="testHasValidBeanEqualsOnNonReflectedEquals() : void"/>
            <line num="68" count="1" type="stmt"/>
            <line num="71" testsuccess="true" count="1" visibility="public" complexity="1" type="method" testduration="0.002" signature="testHasValidBeanEqualsExcluding() : void"/>
            <line num="73" count="1" type="stmt"/>
            <line num="76" testsuccess="true" count="1" visibility="public" complexity="1" type="method" testduration="0.001" signature="testHasValidBeanEqualsFor() : void"/>
            <line num="78" count="1" type="stmt"/>
            <line num="81" testsuccess="true" count="1" visibility="public" complexity="1" type="method" testduration="0.022" signature="testHasValidBeanToString() : void"/>
            <line num="83" count="1" type="stmt"/>
            <line num="86" testsuccess="true" count="1" visibility="public" complexity="1" type="method" testduration="0.001" signature="testHasValidBeanToStringExcluding() : void"/>
            <line num="88" count="1" type="stmt"/>
            <line num="91" testsuccess="true" count="1" visibility="public" complexity="1" type="method" testduration="0.001" signature="testHasValidBeanToStringFor() : void"/>
            <line num="93" count="1" type="stmt"/>
            <line num="96" testsuccess="true" count="1" visibility="public" complexity="1" type="method" testduration="0.018" signature="shouldThrowExceptionOnBeanWithPropertyNeedingCustomValueGenerator() : void"/>
            <line num="98" count="1" type="stmt"/>
            <line num="101" testsuccess="true" count="1" visibility="public" complexity="1" type="method" testduration="0.001" signature="canRegisterCustomValueGenerator() : void"/>
            <line num="103" count="1" type="stmt"/>
            <line num="104" count="1" type="stmt"/>
         </file>
         <file name="BeanOperationsTest.java" path="/Users/orien/src/bean-matchers/src/test/java/com/google/code/beanmatchers/BeanOperationsTest.java">
            <metrics classes="1" methods="9" conditionals="2" ncloc="73" coveredstatements="32" coveredmethods="9" complexity="10" coveredconditionals="2" statements="33" loc="116" coveredelements="43" elements="44"/>
            <class name="BeanOperationsTest">
               <metrics conditionals="2" methods="9" coveredstatements="32" complexity="10" testpasses="8" testruns="8" coveredmethods="9" coveredconditionals="2" statements="33" testfailures="0" coveredelements="43" testduration="0.008" elements="44"/>
            </class>
            <line num="17" testsuccess="true" count="1" visibility="public" complexity="1" type="method" testduration="0.0" signature="canInstantiateClassUsingNoArgsConstructor() : void"/>
            <line num="20" count="1" type="stmt"/>
            <line num="23" count="1" type="stmt"/>
            <line num="26" testsuccess="true" count="1" visibility="public" complexity="1" type="method" testduration="0.001" signature="canInstantiateClassUsingPrivateNoArgsConstructor() : void"/>
            <line num="29" count="1" type="stmt"/>
            <line num="32" count="1" type="stmt"/>
            <line num="35" testsuccess="true" count="1" visibility="public" complexity="1" type="method" testduration="0.0" signature="canObtainNoArgsConstructor() : void"/>
            <line num="38" count="1" type="stmt"/>
            <line num="41" count="1" type="stmt"/>
            <line num="44" testsuccess="true" count="1" visibility="public" complexity="1" type="method" testduration="0.005" signature="canObtainPropertyDescriptorOfDefinedProperty() : void"/>
            <line num="47" count="1" type="stmt"/>
            <line num="50" count="1" type="stmt"/>
            <line num="53" count="1" type="stmt"/>
            <line num="56" testsuccess="true" count="1" visibility="public" complexity="1" type="method" testduration="0.0" signature="canUseGetterToObtainPropertyValue() : void"/>
            <line num="59" count="1" type="stmt"/>
            <line num="60" count="1" type="stmt"/>
            <line num="61" count="1" type="stmt"/>
            <line num="62" count="1" type="stmt"/>
            <line num="65" count="1" type="stmt"/>
            <line num="68" count="1" type="stmt"/>
            <line num="71" testsuccess="true" count="1" visibility="public" complexity="1" type="method" testduration="0.001" signature="shouldThrowExceptionIfGetterIsMissing() : void"/>
            <line num="74" count="1" type="stmt"/>
            <line num="75" count="1" type="stmt"/>
            <line num="76" count="1" type="stmt"/>
            <line num="77" count="1" type="stmt"/>
            <line num="80" count="1" type="stmt"/>
            <line num="83" testsuccess="true" count="1" visibility="public" complexity="1" type="method" testduration="0.0" signature="canUseSetterToSetPropertyValue() : void"/>
            <line num="86" count="1" type="stmt"/>
            <line num="87" count="1" type="stmt"/>
            <line num="88" count="1" type="stmt"/>
            <line num="91" count="1" type="stmt"/>
            <line num="94" count="1" type="stmt"/>
            <line num="97" testsuccess="true" count="1" visibility="public" complexity="1" type="method" testduration="0.001" signature="shouldThrowExceptionIfSetterIsMissing() : void"/>
            <line num="100" count="1" type="stmt"/>
            <line num="101" count="1" type="stmt"/>
            <line num="102" count="1" type="stmt"/>
            <line num="105" count="1" type="stmt"/>
            <line num="108" count="4" visibility="private" complexity="2" type="method" signature="propertyDescriptor(Object,String) : PropertyDescriptor"/>
            <line num="109" count="4" type="stmt"/>
            <line num="110" count="6" type="stmt"/>
            <line num="110" falsecount="2" type="cond" truecount="4"/>
            <line num="111" count="4" type="stmt"/>
            <line num="114" count="0" type="stmt"/>
         </file>
         <file name="BooleanGeneratorTest.java" path="/Users/orien/src/bean-matchers/src/test/java/com/google/code/beanmatchers/BooleanGeneratorTest.java">
            <metrics classes="1" methods="2" conditionals="0" ncloc="27" coveredstatements="6" coveredmethods="2" complexity="2" coveredconditionals="0" statements="6" loc="40" coveredelements="8" elements="8"/>
            <class name="BooleanGeneratorTest">
               <metrics conditionals="0" methods="2" coveredstatements="6" complexity="2" testpasses="1" testruns="1" coveredmethods="2" coveredconditionals="0" statements="6" testfailures="0" coveredelements="8" testduration="0.001" elements="8"/>
            </class>
            <line num="22" count="1" visibility="public" complexity="1" type="method" signature="setUp() : void"/>
            <line num="24" count="1" type="stmt"/>
            <line num="25" count="1" type="stmt"/>
            <line num="28" testsuccess="true" count="1" visibility="public" complexity="1" type="method" testduration="0.001" signature="shouldGenerateRandomValue() : void"/>
            <line num="31" count="1" type="stmt"/>
            <line num="32" count="1" type="stmt"/>
            <line num="35" count="1" type="stmt"/>
            <line num="38" count="1" type="stmt"/>
         </file>
         <file name="ByteGeneratorTest.java" path="/Users/orien/src/bean-matchers/src/test/java/com/google/code/beanmatchers/ByteGeneratorTest.java">
            <metrics classes="1" methods="3" conditionals="0" ncloc="24" coveredstatements="6" coveredmethods="3" complexity="3" coveredconditionals="0" statements="6" loc="38" coveredelements="9" elements="9"/>
            <class name="ByteGeneratorTest">
               <metrics conditionals="0" methods="3" coveredstatements="6" complexity="3" testpasses="2" testruns="2" coveredmethods="3" coveredconditionals="0" statements="6" testfailures="0" coveredelements="9" testduration="0.0" elements="9"/>
            </class>
            <line num="15" count="2" visibility="public" complexity="1" type="method" signature="setUp() : void"/>
            <line num="17" count="2" type="stmt"/>
            <line num="20" testsuccess="true" count="1" visibility="public" complexity="1" type="method" testduration="0.0" signature="shouldProvideValue() : void"/>
            <line num="23" count="1" type="stmt"/>
            <line num="26" count="1" type="stmt"/>
            <line num="29" testsuccess="true" count="1" visibility="public" complexity="1" type="method" testduration="0.0" signature="shouldProvideDifferingValueOnSubsequentCall() : void"/>
            <line num="32" count="1" type="stmt"/>
            <line num="33" count="1" type="stmt"/>
            <line num="36" count="1" type="stmt"/>
         </file>
         <file name="CharacterGeneratorTest.java" path="/Users/orien/src/bean-matchers/src/test/java/com/google/code/beanmatchers/CharacterGeneratorTest.java">
            <metrics classes="1" methods="3" conditionals="0" ncloc="24" coveredstatements="6" coveredmethods="3" complexity="3" coveredconditionals="0" statements="6" loc="38" coveredelements="9" elements="9"/>
            <class name="CharacterGeneratorTest">
               <metrics conditionals="0" methods="3" coveredstatements="6" complexity="3" testpasses="2" testruns="2" coveredmethods="3" coveredconditionals="0" statements="6" testfailures="0" coveredelements="9" testduration="0.0" elements="9"/>
            </class>
[...]
            <line num="203" count="2" visibility="public" complexity="1" type="method" signature="getShortObject() : Short"/>
            <line num="204" count="2" type="stmt"/>
            <line num="207" count="10" visibility="public" complexity="1" type="method" signature="setShortObject(Short) : void"/>
            <line num="208" count="10" type="stmt"/>
            <line num="211" count="2" visibility="public" complexity="1" type="method" signature="getShortPrimitive() : short"/>
            <line num="212" count="2" type="stmt"/>
            <line num="215" count="8" visibility="public" complexity="1" type="method" signature="setShortPrimitive(short) : void"/>
            <line num="216" count="8" type="stmt"/>
            <line num="219" count="118" visibility="public" complexity="1" type="method" signature="hashCode() : int"/>
            <line num="221" count="118" type="stmt"/>
            <line num="224" count="79" visibility="public" complexity="1" type="method" signature="equals(Object) : boolean"/>
            <line num="226" count="79" type="stmt"/>
            <line num="229" count="24" visibility="public" complexity="1" type="method" signature="toString() : String"/>
            <line num="231" count="24" type="stmt"/>
         </file>
         <file name="TestBeanWithMissingGetter.java" path="/Users/orien/src/bean-matchers/src/test/java/com/google/code/beanmatchers/data/TestBeanWithMissingGetter.java">
            <metrics classes="1" methods="3" conditionals="0" ncloc="14" coveredstatements="1" coveredmethods="1" complexity="3" coveredconditionals="0" statements="3" loc="19" coveredelements="2" elements="6"/>
            <class name="TestBeanWithMissingGetter">
               <metrics methods="3" conditionals="0" coveredstatements="1" coveredmethods="1" complexity="3" coveredconditionals="0" statements="3" coveredelements="2" elements="6"/>
            </class>
            <line num="8" count="0" visibility="public" complexity="1" type="method" signature="getGoodField() : Object"/>
            <line num="9" count="0" type="stmt"/>
            <line num="12" count="0" visibility="public" complexity="1" type="method" signature="setGoodField(Object) : void"/>
            <line num="13" count="0" type="stmt"/>
            <line num="16" count="2" visibility="public" complexity="1" type="method" signature="setBadField(Object) : void"/>
            <line num="17" count="2" type="stmt"/>
         </file>
         <file name="TestBeanWithMissingSetter.java" path="/Users/orien/src/bean-matchers/src/test/java/com/google/code/beanmatchers/data/TestBeanWithMissingSetter.java">
            <metrics classes="1" methods="3" conditionals="0" ncloc="14" coveredstatements="0" coveredmethods="0" complexity="3" coveredconditionals="0" statements="3" loc="19" coveredelements="0" elements="6"/>
            <class name="TestBeanWithMissingSetter">
               <metrics methods="3" conditionals="0" coveredstatements="0" coveredmethods="0" complexity="3" coveredconditionals="0" statements="3" coveredelements="0" elements="6"/>
            </class>
            <line num="8" count="0" visibility="public" complexity="1" type="method" signature="getGoodField() : Object"/>
            <line num="9" count="0" type="stmt"/>
            <line num="12" count="0" visibility="public" complexity="1" type="method" signature="setGoodField(Object) : void"/>
            <line num="13" count="0" type="stmt"/>
            <line num="16" count="0" visibility="public" complexity="1" type="method" signature="getBadField() : Object"/>
            <line num="17" count="0" type="stmt"/>
         </file>
         <file name="TestBeanWithOneProperty.java" path="/Users/orien/src/bean-matchers/src/test/java/com/google/code/beanmatchers/data/TestBeanWithOneProperty.java">
            <metrics classes="1" methods="5" conditionals="10" ncloc="26" coveredstatements="12" coveredmethods="5" complexity="11" coveredconditionals="10" statements="12" loc="36" coveredelements="27" elements="27"/>
            <class name="TestBeanWithOneProperty">
               <metrics methods="5" conditionals="10" coveredstatements="12" coveredmethods="5" complexity="11" coveredconditionals="10" statements="12" coveredelements="27" elements="27"/>
            </class>
            <line num="7" count="8" visibility="public" complexity="1" type="method" signature="getField1() : Object"/>
            <line num="8" count="8" type="stmt"/>
            <line num="11" count="30" visibility="public" complexity="1" type="method" signature="setField1(Object) : void"/>
            <line num="12" count="30" type="stmt"/>
            <line num="15" count="18" visibility="public" complexity="6" type="method" signature="equals(Object) : boolean"/>
            <line num="17" count="18" type="stmt"/>
            <line num="17" count="3" type="stmt"/>
            <line num="17" falsecount="15" type="cond" truecount="3"/>
            <line num="18" count="15" type="stmt"/>
            <line num="18" count="4" type="stmt"/>
            <line num="18" falsecount="11" type="cond" truecount="4"/>
            <line num="20" count="11" type="stmt"/>
            <line num="22" count="11" type="stmt"/>
            <line num="22" count="8" type="stmt"/>
            <line num="22" falsecount="2" type="cond" truecount="9"/>
            <line num="22" falsecount="3" type="cond" truecount="8"/>
            <line num="24" count="3" type="stmt"/>
            <line num="27" count="6" visibility="public" complexity="2" type="method" signature="hashCode() : int"/>
            <line num="29" count="6" type="stmt"/>
            <line num="29" falsecount="2" type="cond" truecount="4"/>
            <line num="32" count="9" visibility="public" complexity="1" type="method" signature="toString() : String"/>
            <line num="34" count="9" type="stmt"/>
         </file>
         <file name="TestBeanWithPrivateConstructor.java" path="/Users/orien/src/bean-matchers/src/test/java/com/google/code/beanmatchers/data/TestBeanWithPrivateConstructor.java">
            <metrics classes="1" methods="1" conditionals="0" ncloc="4" coveredstatements="0" coveredmethods="1" complexity="1" coveredconditionals="0" statements="0" loc="5" coveredelements="1" elements="1"/>
            <class name="TestBeanWithPrivateConstructor">
               <metrics methods="1" conditionals="0" coveredstatements="0" coveredmethods="1" complexity="1" coveredconditionals="0" statements="0" coveredelements="1" elements="1"/>
            </class>
            <line num="4" count="1" visibility="private" complexity="1" type="method" signature="TestBeanWithPrivateConstructor()"/>
         </file>
         <file name="TestBeanWithPropertyNeedingCustomGenerator.java" path="/Users/orien/src/bean-matchers/src/test/java/com/google/code/beanmatchers/data/TestBeanWithPropertyNeedingCustomGenerator.java">
            <metrics classes="1" methods="2" conditionals="0" ncloc="10" coveredstatements="2" coveredmethods="2" complexity="2" coveredconditionals="0" statements="2" loc="14" coveredelements="4" elements="4"/>
            <class name="TestBeanWithPropertyNeedingCustomGenerator">
               <metrics methods="2" conditionals="0" coveredstatements="2" coveredmethods="2" complexity="2" coveredconditionals="0" statements="2" coveredelements="4" elements="4"/>
            </class>
            <line num="7" count="1" visibility="public" complexity="1" type="method" signature="getObjectNeedingCustomValueGenerator() : ObjectNeedingCustomValueGenerator"/>
            <line num="8" count="1" type="stmt"/>
            <line num="11" count="1" visibility="public" complexity="1" type="method" signature="setObjectNeedingCustomValueGenerator(ObjectNeedingCustomValueGenerator) : void"/>
            <line num="12" count="1" type="stmt"/>
         </file>
         <file name="TestBeanWithPropertyThatDoesNotInfluenceEquals.java" path="/Users/orien/src/bean-matchers/src/test/java/com/google/code/beanmatchers/data/TestBeanWithPropertyThatDoesNotInfluenceEquals.java">
            <metrics classes="1" methods="6" conditionals="6" ncloc="29" coveredstatements="10" coveredmethods="3" complexity="10" coveredconditionals="6" statements="13" loc="41" coveredelements="19" elements="25"/>
            <class name="TestBeanWithPropertyThatDoesNotInfluenceEquals">
               <metrics methods="6" conditionals="6" coveredstatements="10" coveredmethods="3" complexity="10" coveredconditionals="6" statements="13" coveredelements="19" elements="25"/>
            </class>
            <line num="9" count="0" visibility="public" complexity="1" type="method" signature="getPropertyNotComparedInEquals() : Object"/>
            <line num="10" count="0" type="stmt"/>
            <line num="13" count="12" visibility="public" complexity="1" type="method" signature="setPropertyNotComparedInEquals(Object) : void"/>
            <line num="14" count="12" type="stmt"/>
            <line num="17" count="0" visibility="public" complexity="1" type="method" signature="getPropertyComparedInEquals() : Object"/>
            <line num="18" count="0" type="stmt"/>
            <line num="21" count="30" visibility="public" complexity="1" type="method" signature="setPropertyComparedInEquals(Object) : void"/>
            <line num="22" count="30" type="stmt"/>
            <line num="25" count="52" visibility="public" complexity="5" type="method" signature="equals(Object) : boolean"/>
            <line num="27" count="52" type="stmt"/>
            <line num="27" count="8" type="stmt"/>
            <line num="27" falsecount="44" type="cond" truecount="8"/>
            <line num="28" count="44" type="stmt"/>
            <line num="28" count="16" type="stmt"/>
            <line num="28" falsecount="28" type="cond" truecount="16"/>
            <line num="30" count="28" type="stmt"/>
            <line num="32" count="28" type="stmt"/>
            <line num="32" count="18" type="stmt"/>
            <line num="32" falsecount="10" type="cond" truecount="18"/>
            <line num="34" count="10" type="stmt"/>
            <line num="37" count="0" visibility="public" complexity="1" type="method" signature="hashCode() : int"/>
            <line num="39" count="0" type="stmt"/>
         </file>
         <file name="TestBeanWithPropertyThatDoesNotInfluenceHashCode.java" path="/Users/orien/src/bean-matchers/src/test/java/com/google/code/beanmatchers/data/TestBeanWithPropertyThatDoesNotInfluenceHashCode.java">
            <metrics classes="1" methods="3" conditionals="0" ncloc="14" coveredstatements="2" coveredmethods="2" complexity="3" coveredconditionals="0" statements="3" loc="19" coveredelements="4" elements="6"/>
            <class name="TestBeanWithPropertyThatDoesNotInfluenceHashCode">
               <metrics methods="3" conditionals="0" coveredstatements="2" coveredmethods="2" complexity="3" coveredconditionals="0" statements="3" coveredelements="4" elements="6"/>
            </class>
            <line num="7" count="0" visibility="public" complexity="1" type="method" signature="getProperty() : Object"/>
            <line num="8" count="0" type="stmt"/>
            <line num="11" count="8" visibility="public" complexity="1" type="method" signature="setProperty(Object) : void"/>
            <line num="12" count="8" type="stmt"/>
            <line num="15" count="8" visibility="public" complexity="1" type="method" signature="hashCode() : int"/>
            <line num="17" count="8" type="stmt"/>
         </file>
         <file name="TestBeanWithToStringMissingArrayPropertyValue.java" path="/Users/orien/src/bean-matchers/src/test/java/com/google/code/beanmatchers/data/TestBeanWithToStringMissingArrayPropertyValue.java">
            <metrics classes="1" methods="3" conditionals="0" ncloc="14" coveredstatements="2" coveredmethods="2" complexity="3" coveredconditionals="0" statements="3" loc="18" coveredelements="4" elements="6"/>
            <class name="TestBeanWithToStringMissingArrayPropertyValue">
               <metrics methods="3" conditionals="0" coveredstatements="2" coveredmethods="2" complexity="3" coveredconditionals="0" statements="3" coveredelements="4" elements="6"/>
            </class>
            <line num="6" count="0" visibility="public" complexity="1" type="method" signature="getArrayPropertyValueMissingInToString() : String[]"/>
            <line num="7" count="0" type="stmt"/>
            <line num="10" count="2" visibility="public" complexity="1" type="method" signature="setArrayPropertyValueMissingInToString(String[]) : void"/>
            <line num="11" count="2" type="stmt"/>
            <line num="14" count="4" visibility="public" complexity="1" type="method" signature="toString() : String"/>
            <line num="16" count="4" type="stmt"/>
         </file>
         <file name="TestBeanWithToStringMissingClassName.java" path="/Users/orien/src/bean-matchers/src/test/java/com/google/code/beanmatchers/data/TestBeanWithToStringMissingClassName.java">
            <metrics classes="1" methods="3" conditionals="0" ncloc="14" coveredstatements="1" coveredmethods="1" complexity="3" coveredconditionals="0" statements="3" loc="18" coveredelements="2" elements="6"/>
            <class name="TestBeanWithToStringMissingClassName">
               <metrics methods="3" conditionals="0" coveredstatements="1" coveredmethods="1" complexity="3" coveredconditionals="0" statements="3" coveredelements="2" elements="6"/>
            </class>
            <line num="6" count="0" visibility="public" complexity="1" type="method" signature="getProperty() : Object"/>
            <line num="7" count="0" type="stmt"/>
            <line num="10" count="0" visibility="public" complexity="1" type="method" signature="setProperty(Object) : void"/>
            <line num="11" count="0" type="stmt"/>
            <line num="14" count="4" visibility="public" complexity="1" type="method" signature="toString() : String"/>
            <line num="16" count="4" type="stmt"/>
         </file>
         <file name="TestBeanWithToStringMissingPropertyName.java" path="/Users/orien/src/bean-matchers/src/test/java/com/google/code/beanmatchers/data/TestBeanWithToStringMissingPropertyName.java">
            <metrics classes="1" methods="3" conditionals="0" ncloc="14" coveredstatements="2" coveredmethods="2" complexity="3" coveredconditionals="0" statements="3" loc="18" coveredelements="4" elements="6"/>
            <class name="TestBeanWithToStringMissingPropertyName">
               <metrics methods="3" conditionals="0" coveredstatements="2" coveredmethods="2" complexity="3" coveredconditionals="0" statements="3" coveredelements="4" elements="6"/>
            </class>
            <line num="6" count="0" visibility="public" complexity="1" type="method" signature="getPropertyNameMissingInToString() : Object"/>
            <line num="7" count="0" type="stmt"/>
            <line num="10" count="4" visibility="public" complexity="1" type="method" signature="setPropertyNameMissingInToString(Object) : void"/>
            <line num="11" count="4" type="stmt"/>
            <line num="14" count="10" visibility="public" complexity="1" type="method" signature="toString() : String"/>
            <line num="16" count="10" type="stmt"/>
         </file>
         <file name="TestBeanWithToStringMissingPropertyValue.java" path="/Users/orien/src/bean-matchers/src/test/java/com/google/code/beanmatchers/data/TestBeanWithToStringMissingPropertyValue.java">
            <metrics classes="1" methods="3" conditionals="0" ncloc="14" coveredstatements="2" coveredmethods="2" complexity="3" coveredconditionals="0" statements="3" loc="18" coveredelements="4" elements="6"/>
            <class name="TestBeanWithToStringMissingPropertyValue">
               <metrics methods="3" conditionals="0" coveredstatements="2" coveredmethods="2" complexity="3" coveredconditionals="0" statements="3" coveredelements="4" elements="6"/>
            </class>
            <line num="6" count="0" visibility="public" complexity="1" type="method" signature="getPropertyValueMissingInToString() : Object"/>
            <line num="7" count="0" type="stmt"/>
            <line num="10" count="4" visibility="public" complexity="1" type="method" signature="setPropertyValueMissingInToString(Object) : void"/>
            <line num="11" count="4" type="stmt"/>
            <line num="14" count="12" visibility="public" complexity="1" type="method" signature="toString() : String"/>
            <line num="16" count="12" type="stmt"/>
         </file>
         <file name="TestBeanWithTwoPropertiesAndNonReflectedEquals.java" path="/Users/orien/src/bean-matchers/src/test/java/com/google/code/beanmatchers/data/TestBeanWithTwoPropertiesAndNonReflectedEquals.java">
            <metrics classes="1" methods="5" conditionals="6" ncloc="35" coveredstatements="12" coveredmethods="5" complexity="8" coveredconditionals="6" statements="12" loc="43" coveredelements="23" elements="23"/>
            <class name="TestBeanWithTwoPropertiesAndNonReflectedEquals">
               <metrics methods="5" conditionals="6" coveredstatements="12" coveredmethods="5" complexity="8" coveredconditionals="6" statements="12" coveredelements="23" elements="23"/>
            </class>
            <line num="9" count="11" visibility="public" complexity="4" type="method" signature="equals(Object) : boolean"/>
            <line num="11" count="11" type="stmt"/>
            <line num="11" falsecount="10" type="cond" truecount="1"/>
            <line num="12" count="1" type="stmt"/>
            <line num="14" count="10" type="stmt"/>
            <line num="14" falsecount="9" type="cond" truecount="1"/>
            <line num="15" count="1" type="stmt"/>
            <line num="17" count="9" type="stmt"/>
            <line num="17" falsecount="8" type="cond" truecount="1"/>
            <line num="18" count="1" type="stmt"/>
            <line num="20" count="8" type="stmt"/>
            <line num="21" count="8" type="stmt"/>
            <line num="27" count="16" visibility="public" complexity="1" type="method" signature="getField1() : Long"/>
            <line num="28" count="16" type="stmt"/>
            <line num="31" count="5" visibility="public" complexity="1" type="method" signature="setField1(Long) : void"/>
            <line num="32" count="5" type="stmt"/>
            <line num="35" count="16" visibility="public" complexity="1" type="method" signature="getField2() : Long"/>
            <line num="36" count="16" type="stmt"/>
            <line num="39" count="5" visibility="public" complexity="1" type="method" signature="setField2(Long) : void"/>
            <line num="40" count="5" type="stmt"/>
         </file>
         <file name="TestBeanWithoutNoArgsConstructor.java" path="/Users/orien/src/bean-matchers/src/test/java/com/google/code/beanmatchers/data/TestBeanWithoutNoArgsConstructor.java">
            <metrics classes="1" methods="3" conditionals="0" ncloc="12" coveredstatements="0" coveredmethods="0" complexity="3" coveredconditionals="0" statements="2" loc="17" coveredelements="0" elements="5"/>
            <class name="TestBeanWithoutNoArgsConstructor">
               <metrics methods="3" conditionals="0" coveredstatements="0" coveredmethods="0" complexity="3" coveredconditionals="0" statements="2" coveredelements="0" elements="5"/>
            </class>
            <line num="7" count="0" visibility="public" complexity="1" type="method" signature="TestBeanWithoutNoArgsConstructor(boolean)"/>
            <line num="10" count="0" visibility="public" complexity="1" type="method" signature="isBooleanProperty() : boolean"/>
            <line num="11" count="0" type="stmt"/>
            <line num="14" count="0" visibility="public" complexity="1" type="method" signature="setBooleanProperty(boolean) : void"/>
            <line num="15" count="0" type="stmt"/>
         </file>
      </package>
   </testproject>
</coverage>